[2020-05-15T17:40:40.445] [DEBUG] cheese - login => username:chou,password:szrk0209
[2020-05-15T17:40:40.447] [DEBUG] cheese - chou
[2020-05-15T17:40:40.460] [DEBUG] cheese - { inspect: [Function: inspect] }
[2020-05-15T17:40:40.462] [DEBUG] cheese - 查询失败
[2020-05-15T17:41:02.417] [DEBUG] cheese - login => username:admin,password:123456
[2020-05-15T17:41:02.417] [DEBUG] cheese - admin
[2020-05-15T17:41:02.429] [DEBUG] cheese - { inspect: [Function: inspect] }
[2020-05-15T17:41:02.429] [DEBUG] cheese - 查询失败
[2020-05-15T17:41:04.338] [DEBUG] cheese - login => username:admin,password:123456
[2020-05-15T17:41:04.338] [DEBUG] cheese - admin
[2020-05-15T17:41:04.342] [DEBUG] cheese - { inspect: [Function: inspect] }
[2020-05-15T17:41:04.343] [DEBUG] cheese - 查询失败
[2020-05-15T17:41:05.497] [DEBUG] cheese - login => username:admin,password:123456
[2020-05-15T17:41:05.497] [DEBUG] cheese - admin
[2020-05-15T17:41:05.513] [DEBUG] cheese - { inspect: [Function: inspect] }
[2020-05-15T17:41:05.513] [DEBUG] cheese - 查询失败
[2020-05-15T17:41:06.219] [DEBUG] cheese - login => username:admin,password:123456
[2020-05-15T17:41:06.219] [DEBUG] cheese - admin
[2020-05-15T17:41:06.225] [DEBUG] cheese - { inspect: [Function: inspect] }
[2020-05-15T17:41:06.226] [DEBUG] cheese - 查询失败
[2020-05-15T17:41:06.818] [DEBUG] cheese - login => username:admin,password:123456
[2020-05-15T17:41:06.818] [DEBUG] cheese - admin
[2020-05-15T17:41:06.825] [DEBUG] cheese - { inspect: [Function: inspect] }
[2020-05-15T17:41:06.825] [DEBUG] cheese - 查询失败
[2020-05-15T17:41:07.801] [DEBUG] cheese - login => username:admin,password:123456
[2020-05-15T17:41:07.801] [DEBUG] cheese - admin
[2020-05-15T17:41:07.805] [DEBUG] cheese - { inspect: [Function: inspect] }
[2020-05-15T17:41:07.805] [DEBUG] cheese - 查询失败
[2020-05-15T17:41:32.765] [DEBUG] cheese - login => username:admin,password:123456
[2020-05-15T17:41:32.765] [DEBUG] cheese - admin
[2020-05-15T17:41:32.772] [DEBUG] cheese - { inspect: [Function: inspect] }
[2020-05-15T17:41:32.772] [DEBUG] cheese - 查询失败
[2020-05-15T17:42:01.320] [DEBUG] cheese - login => username:admin,password:12345
[2020-05-15T17:42:01.320] [DEBUG] cheese - admin
[2020-05-15T17:42:01.327] [DEBUG] cheese - { inspect: [Function: inspect] }
[2020-05-15T17:42:01.328] [DEBUG] cheese - 查询失败
[2020-05-15T17:42:04.715] [DEBUG] cheese - login => username:admin,password:123456
[2020-05-15T17:42:04.715] [DEBUG] cheese - admin
[2020-05-15T17:42:04.719] [DEBUG] cheese - { inspect: [Function: inspect] }
[2020-05-15T17:42:04.719] [DEBUG] cheese - 查询失败
[2020-05-15T17:42:05.971] [DEBUG] cheese - login => username:admin,password:123456
[2020-05-15T17:42:05.971] [DEBUG] cheese - admin
[2020-05-15T17:42:05.976] [DEBUG] cheese - { inspect: [Function: inspect] }
[2020-05-15T17:42:05.977] [DEBUG] cheese - 查询失败
[2020-05-15T18:21:39.879] [DEBUG] cheese - login => username:admin,password:12345678
[2020-05-15T18:21:39.880] [DEBUG] cheese - admin
[2020-05-15T18:21:39.891] [DEBUG] cheese - { inspect: [Function: inspect] }
[2020-05-15T18:21:39.892] [DEBUG] cheese - 查询失败
[2020-05-15T18:21:41.458] [DEBUG] cheese - login => username:admin,password:12345678
[2020-05-15T18:21:41.459] [DEBUG] cheese - admin
[2020-05-15T18:21:41.468] [DEBUG] cheese - { inspect: [Function: inspect] }
[2020-05-15T18:21:41.468] [DEBUG] cheese - 查询失败
[2020-05-15T18:38:11.349] [DEBUG] cheese - login => username:admin,password:$2y$10$sZlpZNoLAnoD1DtYO9REAODCPkpMb5bwl4oMzrMvJa83k9BY3KRwq
[2020-05-15T18:38:11.349] [DEBUG] cheese - admin
[2020-05-15T18:38:11.377] [DEBUG] cheese - { inspect: [Function: inspect] }
[2020-05-15T18:38:11.378] [DEBUG] cheese - 查询失败
[2020-05-15T18:38:34.824] [DEBUG] cheese - login => username:admin,password:12345678

[2020-05-15T18:38:34.824] [DEBUG] cheese - admin
[2020-05-15T18:38:34.829] [DEBUG] cheese - { inspect: [Function: inspect] }
[2020-05-15T18:38:34.830] [DEBUG] cheese - 查询失败
[2020-05-15T19:23:54.331] [DEBUG] cheese - login => username:admin,password:123456

[2020-05-15T19:23:54.331] [DEBUG] cheese - admin
[2020-05-15T19:23:54.352] [DEBUG] cheese - { inspect: [Function: inspect] }
[2020-05-15T19:23:54.352] [DEBUG] cheese - 查询失败
[2020-05-15T19:26:02.712] [DEBUG] cheese - login => username:admin,password:123456

[2020-05-15T19:26:02.712] [DEBUG] cheese - admin
[2020-05-15T19:26:02.720] [DEBUG] cheese - { inspect: [Function: inspect] }
[2020-05-15T19:26:02.720] [DEBUG] cheese - 查询失败
[2020-05-15T19:26:36.133] [DEBUG] cheese - login => username:linken,password:123456

[2020-05-15T19:26:36.134] [DEBUG] cheese - linken
[2020-05-15T19:26:36.139] [DEBUG] cheese - { inspect: [Function: inspect] }
[2020-05-15T19:26:36.140] [DEBUG] cheese - 查询失败
[2020-05-15T19:28:48.539] [DEBUG] cheese - login => username:admin,password:123456

[2020-05-15T19:28:48.540] [DEBUG] cheese - admin
[2020-05-15T19:28:48.546] [DEBUG] cheese - { inspect: [Function: inspect] }
[2020-05-15T19:28:48.547] [DEBUG] cheese - 查询失败
[2020-05-15T20:31:22.661] [DEBUG] cheese - login => username:admin,password:123456

[2020-05-15T20:31:22.661] [DEBUG] cheese - admin
[2020-05-15T20:31:22.692] [DEBUG] cheese - { inspect: [Function: inspect] }
[2020-05-15T20:31:22.692] [DEBUG] cheese - 查询失败
[2020-05-15T20:31:33.856] [DEBUG] cheese - login => username:admin,password:123456

[2020-05-15T20:31:33.856] [DEBUG] cheese - admin
[2020-05-15T20:31:33.871] [DEBUG] cheese - { inspect: [Function: inspect] }
[2020-05-15T20:31:33.872] [DEBUG] cheese - 查询失败
[2020-05-15T21:46:22.827] [DEBUG] cheese - login => username:admin,password:123456

[2020-05-15T21:46:22.829] [DEBUG] cheese - admin
[2020-05-15T21:46:22.853] [DEBUG] cheese - { inspect: [Function: inspect] }
[2020-05-15T21:46:22.856] [DEBUG] cheese - 查询失败
[2020-05-15T21:46:58.089] [DEBUG] cheese - login => username:admin,password:12345678

[2020-05-15T21:46:58.089] [DEBUG] cheese - admin
[2020-05-15T21:46:58.095] [DEBUG] cheese - { inspect: [Function: inspect] }
[2020-05-15T21:46:58.095] [DEBUG] cheese - 查询失败
[2020-05-15T22:32:57.074] [DEBUG] cheese - login => username:admin,password:12345678

[2020-05-15T22:32:57.076] [DEBUG] cheese - admin
[2020-05-15T22:32:57.095] [DEBUG] cheese - null
[2020-05-15T22:32:57.096] [DEBUG] cheese - null
[2020-05-15T22:33:03.379] [DEBUG] cheese - login => username:admin,password:123456

[2020-05-15T22:33:03.379] [DEBUG] cheese - admin
[2020-05-15T22:33:03.385] [DEBUG] cheese - null
[2020-05-15T22:33:03.386] [DEBUG] cheese - null
[2020-05-15T22:33:05.312] [DEBUG] cheese - login => username:admin,password:123456

[2020-05-15T22:33:05.312] [DEBUG] cheese - admin
[2020-05-15T22:33:05.318] [DEBUG] cheese - null
[2020-05-15T22:33:05.318] [DEBUG] cheese - null
[2020-05-15T22:33:10.015] [DEBUG] cheese - login => username:admin,password:1234

[2020-05-15T22:33:10.015] [DEBUG] cheese - admin
[2020-05-15T22:33:10.026] [DEBUG] cheese - null
[2020-05-15T22:33:10.026] [DEBUG] cheese - null
[2020-05-15T22:33:29.189] [DEBUG] cheese - login => username:admin,password:123456

[2020-05-15T22:33:29.189] [DEBUG] cheese - admin
[2020-05-15T22:33:29.195] [DEBUG] cheese - null
[2020-05-15T22:33:29.196] [DEBUG] cheese - null
[2020-05-15T22:33:33.286] [DEBUG] cheese - login => username:adminm,password:123456

[2020-05-15T22:33:33.286] [DEBUG] cheese - adminm
[2020-05-15T22:33:33.301] [DEBUG] cheese - null
[2020-05-15T22:33:33.301] [DEBUG] cheese - null
[2020-05-15T22:33:38.829] [DEBUG] cheese - login => username:admin,password:123456789

[2020-05-15T22:33:38.829] [DEBUG] cheese - admin
[2020-05-15T22:33:38.837] [DEBUG] cheese - null
[2020-05-15T22:33:38.837] [DEBUG] cheese - null
[2020-05-15T22:33:42.630] [DEBUG] cheese - login => username:admin,password:123456

[2020-05-15T22:33:42.630] [DEBUG] cheese - admin
[2020-05-15T22:33:42.634] [DEBUG] cheese - null
[2020-05-15T22:33:42.634] [DEBUG] cheese - null
[2020-05-15T22:33:43.381] [DEBUG] cheese - login => username:admin,password:123456

[2020-05-15T22:33:43.381] [DEBUG] cheese - admin
[2020-05-15T22:33:43.385] [DEBUG] cheese - null
[2020-05-15T22:33:43.386] [DEBUG] cheese - null
[2020-05-15T22:34:33.117] [DEBUG] cheese - login => username:asdf1,password:123456

[2020-05-15T22:34:33.117] [DEBUG] cheese - asdf1
[2020-05-15T22:34:33.122] [DEBUG] cheese - null
[2020-05-15T22:34:33.122] [DEBUG] cheese - null
[2020-05-15T22:34:34.099] [DEBUG] cheese - login => username:asdf1,password:123456

[2020-05-15T22:34:34.099] [DEBUG] cheese - asdf1
[2020-05-15T22:34:34.103] [DEBUG] cheese - null
[2020-05-15T22:34:34.103] [DEBUG] cheese - null
[2020-05-15T22:34:53.093] [DEBUG] cheese - login => username:admin,password:$2y$10$sZlpZNoLAnoD1DtYO9REAODCPkpMb5bwl4oMzrMvJa83k9BY3KRwq

[2020-05-15T22:34:53.093] [DEBUG] cheese - admin
[2020-05-15T22:34:53.099] [DEBUG] cheese - null
[2020-05-15T22:34:53.099] [DEBUG] cheese - null
[2020-05-15T22:34:54.085] [DEBUG] cheese - login => username:admin,password:$2y$10$sZlpZNoLAnoD1DtYO9REAODCPkpMb5bwl4oMzrMvJa83k9BY3KRwq

[2020-05-15T22:34:54.085] [DEBUG] cheese - admin
[2020-05-15T22:34:54.108] [DEBUG] cheese - null
[2020-05-15T22:34:54.109] [DEBUG] cheese - null
[2020-05-15T22:41:01.671] [DEBUG] cheese - login => username:chou,password:chou
[2020-05-15T22:41:01.671] [DEBUG] cheese - chou
[2020-05-15T22:41:01.676] [DEBUG] cheese - null
[2020-05-15T22:42:09.256] [DEBUG] cheese - login => username:chou,password:chou
[2020-05-15T22:42:09.258] [DEBUG] cheese - chou
[2020-05-15T22:42:09.274] [DEBUG] cheese - null
[2020-05-15T22:45:09.045] [DEBUG] cheese - login => username:admin,password:123456
[2020-05-15T22:45:09.048] [DEBUG] cheese - admin
[2020-05-15T22:45:09.061] [DEBUG] cheese - null
[2020-05-15T22:45:09.062] [DEBUG] cheese - null
[2020-05-15T22:45:12.540] [DEBUG] cheese - login => username:admin,password:123456
[2020-05-15T22:45:12.540] [DEBUG] cheese - admin
[2020-05-15T22:45:12.547] [DEBUG] cheese - null
[2020-05-15T22:45:12.547] [DEBUG] cheese - null
[2020-05-15T22:45:34.440] [DEBUG] cheese - login => username:admin,password:123456
[2020-05-15T22:45:34.440] [DEBUG] cheese - admin
[2020-05-15T22:45:34.446] [DEBUG] cheese - null
[2020-05-15T22:45:34.446] [DEBUG] cheese - null
[2020-05-15T23:01:18.039] [DEBUG] cheese - login => username:admin,password:123456
[2020-05-15T23:01:18.039] [DEBUG] cheese - admin
[2020-05-15T23:01:18.048] [DEBUG] cheese - null
[2020-05-15T23:01:18.048] [DEBUG] cheese - null
[2020-05-15T23:01:21.237] [DEBUG] cheese - login => username:admin,password:1234561
[2020-05-15T23:01:21.238] [DEBUG] cheese - admin
[2020-05-15T23:01:21.244] [DEBUG] cheese - null
[2020-05-15T23:01:21.245] [DEBUG] cheese - null
[2020-05-15T23:01:24.154] [DEBUG] cheese - login => username:admin,password:123456
[2020-05-15T23:01:24.154] [DEBUG] cheese - admin
[2020-05-15T23:01:24.157] [DEBUG] cheese - null
[2020-05-15T23:01:24.157] [DEBUG] cheese - null
[2020-05-16T16:20:45.785] [DEBUG] cheese - login => username:admin,password:123456
[2020-05-16T16:20:45.788] [DEBUG] cheese - admin
[2020-05-16T16:20:45.821] [DEBUG] cheese - null
[2020-05-16T16:20:45.822] [DEBUG] cheese - null
[2020-05-16T16:21:12.207] [DEBUG] cheese - login => username:admin0,password:123456
[2020-05-16T16:21:12.208] [DEBUG] cheese - admin0
[2020-05-16T16:21:12.211] [DEBUG] cheese - null
[2020-05-16T16:21:12.212] [DEBUG] cheese - null
[2020-05-16T16:21:13.992] [DEBUG] cheese - login => username:admin0,password:123456
[2020-05-16T16:21:13.993] [DEBUG] cheese - admin0
[2020-05-16T16:21:13.997] [DEBUG] cheese - null
[2020-05-16T16:21:13.997] [DEBUG] cheese - null
[2020-05-16T16:21:14.191] [DEBUG] cheese - login => username:admin0,password:123456
[2020-05-16T16:21:14.191] [DEBUG] cheese - admin0
[2020-05-16T16:21:14.195] [DEBUG] cheese - null
[2020-05-16T16:21:14.195] [DEBUG] cheese - null
[2020-05-16T16:21:14.362] [DEBUG] cheese - login => username:admin0,password:123456
[2020-05-16T16:21:14.362] [DEBUG] cheese - admin0
[2020-05-16T16:21:14.365] [DEBUG] cheese - null
[2020-05-16T16:21:14.365] [DEBUG] cheese - null
[2020-05-16T16:21:14.537] [DEBUG] cheese - login => username:admin0,password:123456
[2020-05-16T16:21:14.537] [DEBUG] cheese - admin0
[2020-05-16T16:21:14.540] [DEBUG] cheese - null
[2020-05-16T16:21:14.540] [DEBUG] cheese - null
[2020-05-16T16:21:14.696] [DEBUG] cheese - login => username:admin0,password:123456
[2020-05-16T16:21:14.697] [DEBUG] cheese - admin0
[2020-05-16T16:21:14.700] [DEBUG] cheese - null
[2020-05-16T16:21:14.700] [DEBUG] cheese - null
[2020-05-16T16:21:14.863] [DEBUG] cheese - login => username:admin0,password:123456
[2020-05-16T16:21:14.863] [DEBUG] cheese - admin0
[2020-05-16T16:21:14.867] [DEBUG] cheese - null
[2020-05-16T16:21:14.867] [DEBUG] cheese - null
[2020-05-16T16:21:15.023] [DEBUG] cheese - login => username:admin0,password:123456
[2020-05-16T16:21:15.023] [DEBUG] cheese - admin0
[2020-05-16T16:21:15.026] [DEBUG] cheese - null
[2020-05-16T16:21:15.026] [DEBUG] cheese - null
[2020-05-16T16:21:15.209] [DEBUG] cheese - login => username:admin0,password:123456
[2020-05-16T16:21:15.209] [DEBUG] cheese - admin0
[2020-05-16T16:21:15.212] [DEBUG] cheese - null
[2020-05-16T16:21:15.213] [DEBUG] cheese - null
[2020-05-16T16:21:15.384] [DEBUG] cheese - login => username:admin0,password:123456
[2020-05-16T16:21:15.384] [DEBUG] cheese - admin0
[2020-05-16T16:21:15.386] [DEBUG] cheese - null
[2020-05-16T16:21:15.387] [DEBUG] cheese - null
[2020-05-16T16:21:15.559] [DEBUG] cheese - login => username:admin0,password:123456
[2020-05-16T16:21:15.559] [DEBUG] cheese - admin0
[2020-05-16T16:21:15.562] [DEBUG] cheese - null
[2020-05-16T16:21:15.563] [DEBUG] cheese - null
[2020-05-16T16:21:15.745] [DEBUG] cheese - login => username:admin0,password:123456
[2020-05-16T16:21:15.745] [DEBUG] cheese - admin0
[2020-05-16T16:21:15.747] [DEBUG] cheese - null
[2020-05-16T16:21:15.747] [DEBUG] cheese - null
[2020-05-16T16:21:15.912] [DEBUG] cheese - login => username:admin0,password:123456
[2020-05-16T16:21:15.912] [DEBUG] cheese - admin0
[2020-05-16T16:21:15.914] [DEBUG] cheese - null
[2020-05-16T16:21:15.914] [DEBUG] cheese - null
[2020-05-16T16:21:16.120] [DEBUG] cheese - login => username:admin0,password:123456
[2020-05-16T16:21:16.120] [DEBUG] cheese - admin0
[2020-05-16T16:21:16.122] [DEBUG] cheese - null
[2020-05-16T16:21:16.122] [DEBUG] cheese - null
[2020-05-16T16:21:16.270] [DEBUG] cheese - login => username:admin0,password:123456
[2020-05-16T16:21:16.270] [DEBUG] cheese - admin0
[2020-05-16T16:21:16.272] [DEBUG] cheese - null
[2020-05-16T16:21:16.273] [DEBUG] cheese - null
[2020-05-16T16:21:16.439] [DEBUG] cheese - login => username:admin0,password:123456
[2020-05-16T16:21:16.439] [DEBUG] cheese - admin0
[2020-05-16T16:21:16.442] [DEBUG] cheese - null
[2020-05-16T16:21:16.442] [DEBUG] cheese - null
[2020-05-16T16:21:16.615] [DEBUG] cheese - login => username:admin0,password:123456
[2020-05-16T16:21:16.615] [DEBUG] cheese - admin0
[2020-05-16T16:21:16.618] [DEBUG] cheese - null
[2020-05-16T16:21:16.618] [DEBUG] cheese - null
[2020-05-16T16:22:52.099] [DEBUG] cheese - login => username:admin,password:123456
[2020-05-16T16:22:52.100] [DEBUG] cheese - admin
[2020-05-16T16:22:52.104] [DEBUG] cheese - null
[2020-05-16T16:22:52.104] [DEBUG] cheese - null
[2020-05-16T16:22:58.383] [DEBUG] cheese - login => username:admin,password:123456
[2020-05-16T16:22:58.383] [DEBUG] cheese - admin
[2020-05-16T16:22:58.388] [DEBUG] cheese - null
[2020-05-16T16:22:58.388] [DEBUG] cheese - null
[2020-05-16T16:23:08.585] [DEBUG] cheese - login => username:admin,password:123456
[2020-05-16T16:23:08.586] [DEBUG] cheese - admin
[2020-05-16T16:23:08.589] [DEBUG] cheese - null
[2020-05-16T16:23:08.589] [DEBUG] cheese - null
[2020-05-16T16:53:37.148] [DEBUG] cheese - login => username:admin,password:123456
[2020-05-16T16:53:37.148] [DEBUG] cheese - admin
[2020-05-16T16:53:37.152] [DEBUG] cheese - null
[2020-05-16T16:53:37.153] [DEBUG] cheese - null
[2020-05-16T16:53:41.685] [DEBUG] cheese - login => username:admin,password:123456
[2020-05-16T16:53:41.685] [DEBUG] cheese - admin
[2020-05-16T16:53:41.689] [DEBUG] cheese - null
[2020-05-16T16:53:41.689] [DEBUG] cheese - null
[2020-05-16T16:53:46.012] [DEBUG] cheese - login => username:admin,password:123456
[2020-05-16T16:53:46.012] [DEBUG] cheese - admin
[2020-05-16T16:53:46.015] [DEBUG] cheese - null
[2020-05-16T16:53:46.015] [DEBUG] cheese - null
[2020-05-16T16:53:48.207] [DEBUG] cheese - login => username:admin,password:123456
[2020-05-16T16:53:48.207] [DEBUG] cheese - admin
[2020-05-16T16:53:48.212] [DEBUG] cheese - null
[2020-05-16T16:53:48.212] [DEBUG] cheese - null
[2020-05-16T16:53:51.052] [DEBUG] cheese - login => username:admin,password:123456
[2020-05-16T16:53:51.053] [DEBUG] cheese - admin
[2020-05-16T16:53:51.056] [DEBUG] cheese - null
[2020-05-16T16:53:51.056] [DEBUG] cheese - null
[2020-05-16T16:56:46.407] [DEBUG] cheese - login => username:admin,password:123456
[2020-05-16T16:56:46.407] [DEBUG] cheese - admin
[2020-05-16T16:56:46.411] [DEBUG] cheese - null
[2020-05-16T16:56:46.411] [DEBUG] cheese - null
[2020-05-16T17:39:50.837] [DEBUG] cheese - login => username:admin,password:123456
[2020-05-16T17:39:50.838] [DEBUG] cheese - admin
[2020-05-16T17:39:50.846] [DEBUG] cheese - null
[2020-05-16T17:39:50.846] [DEBUG] cheese - null
[2020-05-16T17:39:53.871] [DEBUG] cheese - login => username:admin,password:123456
[2020-05-16T17:39:53.871] [DEBUG] cheese - admin
[2020-05-16T17:39:53.878] [DEBUG] cheese - null
[2020-05-16T17:39:53.878] [DEBUG] cheese - null
[2020-05-16T17:40:05.206] [DEBUG] cheese - login => username:admin,password:123456
[2020-05-16T17:40:05.206] [DEBUG] cheese - admin
[2020-05-16T17:40:05.209] [DEBUG] cheese - null
[2020-05-16T17:40:05.209] [DEBUG] cheese - null
[2020-05-16T17:40:06.874] [DEBUG] cheese - login => username:admin,password:123456
[2020-05-16T17:40:06.874] [DEBUG] cheese - admin
[2020-05-16T17:40:06.880] [DEBUG] cheese - null
[2020-05-16T17:40:06.880] [DEBUG] cheese - null
[2020-05-16T17:40:08.809] [DEBUG] cheese - login => username:admin,password:123456
[2020-05-16T17:40:08.809] [DEBUG] cheese - admin
[2020-05-16T17:40:08.812] [DEBUG] cheese - null
[2020-05-16T17:40:08.812] [DEBUG] cheese - null
[2020-05-16T17:40:10.394] [DEBUG] cheese - login => username:admin,password:123456
[2020-05-16T17:40:10.394] [DEBUG] cheese - admin
[2020-05-16T17:40:10.404] [DEBUG] cheese - null
[2020-05-16T17:40:10.405] [DEBUG] cheese - null
[2020-05-16T17:40:12.242] [DEBUG] cheese - login => username:admin,password:123456
[2020-05-16T17:40:12.243] [DEBUG] cheese - admin
[2020-05-16T17:40:12.246] [DEBUG] cheese - null
[2020-05-16T17:40:12.246] [DEBUG] cheese - null
[2020-05-16T17:40:18.223] [DEBUG] cheese - login => username:admin,password:123456
[2020-05-16T17:40:18.224] [DEBUG] cheese - admin
[2020-05-16T17:40:18.227] [DEBUG] cheese - null
[2020-05-16T17:40:18.227] [DEBUG] cheese - null
[2020-05-16T17:40:21.249] [DEBUG] cheese - login => username:admin,password:123456
[2020-05-16T17:40:21.250] [DEBUG] cheese - admin
[2020-05-16T17:40:21.254] [DEBUG] cheese - null
[2020-05-16T17:40:21.254] [DEBUG] cheese - null
[2020-05-16T17:40:23.782] [DEBUG] cheese - login => username:admin,password:123456
[2020-05-16T17:40:23.783] [DEBUG] cheese - admin
[2020-05-16T17:40:23.786] [DEBUG] cheese - null
[2020-05-16T17:40:23.786] [DEBUG] cheese - null
[2020-05-16T17:41:24.215] [DEBUG] cheese - login => username:admin,password:123456
[2020-05-16T17:41:24.215] [DEBUG] cheese - admin
[2020-05-16T17:41:24.218] [DEBUG] cheese - null
[2020-05-16T17:41:24.218] [DEBUG] cheese - null
[2020-05-16T18:21:38.608] [DEBUG] cheese - login => username:admin,password:123456
[2020-05-16T18:21:38.608] [DEBUG] cheese - admin
[2020-05-16T18:21:38.617] [DEBUG] cheese - null
[2020-05-16T18:21:38.617] [DEBUG] cheese - null
[2020-05-16T18:24:13.876] [DEBUG] cheese - login => username:admin,password:123456
[2020-05-16T18:24:13.877] [DEBUG] cheese - admin
[2020-05-16T18:24:13.882] [DEBUG] cheese - null
[2020-05-16T18:24:13.882] [DEBUG] cheese - null
[2020-05-16T18:24:14.254] [DEBUG] cheese - login => username:admin,password:123456
[2020-05-16T18:24:14.254] [DEBUG] cheese - admin
[2020-05-16T18:24:14.257] [DEBUG] cheese - null
[2020-05-16T18:24:14.258] [DEBUG] cheese - null
[2020-05-16T18:24:14.430] [DEBUG] cheese - login => username:admin,password:123456
[2020-05-16T18:24:14.430] [DEBUG] cheese - admin
[2020-05-16T18:24:14.433] [DEBUG] cheese - null
[2020-05-16T18:24:14.433] [DEBUG] cheese - null
[2020-05-16T18:24:14.604] [DEBUG] cheese - login => username:admin,password:123456
[2020-05-16T18:24:14.604] [DEBUG] cheese - admin
[2020-05-16T18:24:14.608] [DEBUG] cheese - null
[2020-05-16T18:24:14.608] [DEBUG] cheese - null
[2020-05-16T18:24:14.791] [DEBUG] cheese - login => username:admin,password:123456
[2020-05-16T18:24:14.791] [DEBUG] cheese - admin
[2020-05-16T18:24:14.793] [DEBUG] cheese - null
[2020-05-16T18:24:14.794] [DEBUG] cheese - null
[2020-05-16T18:24:14.990] [DEBUG] cheese - login => username:admin,password:123456
[2020-05-16T18:24:14.990] [DEBUG] cheese - admin
[2020-05-16T18:24:14.993] [DEBUG] cheese - null
[2020-05-16T18:24:14.993] [DEBUG] cheese - null
[2020-05-16T19:36:09.058] [DEBUG] cheese - login => username:admin,password:123456
[2020-05-16T19:36:09.060] [DEBUG] cheese - admin
[2020-05-16T19:36:09.077] [DEBUG] cheese - null
[2020-05-16T19:36:09.078] [DEBUG] cheese - null
[2020-05-16T19:36:10.712] [DEBUG] cheese - login => username:admin,password:123456
[2020-05-16T19:36:10.712] [DEBUG] cheese - admin
[2020-05-16T19:36:10.717] [DEBUG] cheese - null
[2020-05-16T19:36:10.717] [DEBUG] cheese - null
[2020-05-16T19:36:11.354] [DEBUG] cheese - login => username:admin,password:123456
[2020-05-16T19:36:11.355] [DEBUG] cheese - admin
[2020-05-16T19:36:11.358] [DEBUG] cheese - null
[2020-05-16T19:36:11.358] [DEBUG] cheese - null
[2020-05-16T19:37:03.366] [DEBUG] cheese - login => username:admin,password:123456
[2020-05-16T19:37:03.367] [DEBUG] cheese - admin
[2020-05-16T19:37:03.371] [DEBUG] cheese - null
[2020-05-16T19:37:03.371] [DEBUG] cheese - null
[2020-05-16T20:03:41.256] [DEBUG] cheese - login => username:admin,password:123456
[2020-05-16T20:03:41.257] [DEBUG] cheese - admin
[2020-05-16T20:03:41.262] [DEBUG] cheese - null
[2020-05-16T20:03:41.262] [DEBUG] cheese - null
[2020-05-16T20:03:46.225] [DEBUG] cheese - login => username:admin0,password:123456
[2020-05-16T20:03:46.225] [DEBUG] cheese - admin0
[2020-05-16T20:03:46.229] [DEBUG] cheese - null
[2020-05-16T20:03:46.229] [DEBUG] cheese - null
[2020-05-16T20:18:59.229] [DEBUG] cheese - login => username:admin0,password:123456
[2020-05-16T20:18:59.229] [DEBUG] cheese - admin0
[2020-05-16T20:18:59.233] [DEBUG] cheese - null
[2020-05-16T20:18:59.233] [DEBUG] cheese - null
[2020-05-16T20:36:36.581] [DEBUG] cheese - login => username:admin0,password:123456
[2020-05-16T20:36:36.582] [DEBUG] cheese - admin0
[2020-05-16T20:36:36.585] [DEBUG] cheese - null
[2020-05-16T20:36:36.585] [DEBUG] cheese - null
[2020-05-16T20:36:37.327] [DEBUG] cheese - login => username:admin0,password:123456
[2020-05-16T20:36:37.327] [DEBUG] cheese - admin0
[2020-05-16T20:36:37.330] [DEBUG] cheese - null
[2020-05-16T20:36:37.331] [DEBUG] cheese - null
[2020-05-16T20:58:27.646] [DEBUG] cheese - login => username:admin,password:123456
[2020-05-16T20:58:27.646] [DEBUG] cheese - admin
[2020-05-16T20:58:27.656] [DEBUG] cheese - null
[2020-05-16T20:58:27.656] [DEBUG] cheese - null
[2020-05-16T21:03:17.739] [DEBUG] cheese - login => username:admin,password:123456
[2020-05-16T21:03:17.739] [DEBUG] cheese - admin
[2020-05-16T21:03:17.742] [DEBUG] cheese - null
[2020-05-16T21:03:17.742] [DEBUG] cheese - null
[2020-05-16T21:03:20.460] [DEBUG] cheese - login => username:admin,password:123456
[2020-05-16T21:03:20.460] [DEBUG] cheese - admin
[2020-05-16T21:03:20.466] [DEBUG] cheese - null
[2020-05-16T21:03:20.466] [DEBUG] cheese - null
[2020-05-16T21:03:47.383] [DEBUG] cheese - login => username:admin,password:123456
[2020-05-16T21:03:47.383] [DEBUG] cheese - admin
[2020-05-16T21:03:47.387] [DEBUG] cheese - null
[2020-05-16T21:03:47.387] [DEBUG] cheese - null
[2020-05-16T21:03:51.644] [DEBUG] cheese - login => username:admin,password:1234560
[2020-05-16T21:03:51.645] [DEBUG] cheese - admin
[2020-05-16T21:03:51.651] [DEBUG] cheese - null
[2020-05-16T21:03:51.651] [DEBUG] cheese - null
[2020-05-16T21:03:52.747] [DEBUG] cheese - login => username:admin,password:1234560
[2020-05-16T21:03:52.747] [DEBUG] cheese - admin
[2020-05-16T21:03:52.750] [DEBUG] cheese - null
[2020-05-16T21:03:52.751] [DEBUG] cheese - null
[2020-05-16T21:03:55.610] [DEBUG] cheese - login => username:admin,password:1234560
[2020-05-16T21:03:55.611] [DEBUG] cheese - admin
[2020-05-16T21:03:55.614] [DEBUG] cheese - null
[2020-05-16T21:03:55.614] [DEBUG] cheese - null
[2020-05-16T21:03:56.804] [DEBUG] cheese - login => username:admin,password:1234560
[2020-05-16T21:03:56.804] [DEBUG] cheese - admin
[2020-05-16T21:03:56.807] [DEBUG] cheese - null
[2020-05-16T21:03:56.807] [DEBUG] cheese - null
[2020-05-16T21:03:59.727] [DEBUG] cheese - login => username:admin,password:1234560
[2020-05-16T21:03:59.728] [DEBUG] cheese - admin
[2020-05-16T21:03:59.732] [DEBUG] cheese - null
[2020-05-16T21:03:59.732] [DEBUG] cheese - null
[2020-05-16T21:04:00.748] [DEBUG] cheese - login => username:admin,password:1234560
[2020-05-16T21:04:00.748] [DEBUG] cheese - admin
[2020-05-16T21:04:00.752] [DEBUG] cheese - null
[2020-05-16T21:04:00.752] [DEBUG] cheese - null
[2020-05-16T21:04:03.387] [DEBUG] cheese - login => username:admin,password:123456
[2020-05-16T21:04:03.387] [DEBUG] cheese - admin
[2020-05-16T21:04:03.391] [DEBUG] cheese - null
[2020-05-16T21:04:03.391] [DEBUG] cheese - null
[2020-05-16T22:00:35.105] [DEBUG] cheese - login => username:admin,password:123456
[2020-05-16T22:00:35.106] [DEBUG] cheese - admin
[2020-05-16T22:00:35.112] [DEBUG] cheese - null
[2020-05-16T22:00:35.112] [DEBUG] cheese - null
[2020-05-16T22:00:37.076] [DEBUG] cheese - login => username:admin,password:123456
[2020-05-16T22:00:37.076] [DEBUG] cheese - admin
[2020-05-16T22:00:37.079] [DEBUG] cheese - null
[2020-05-16T22:00:37.079] [DEBUG] cheese - null
[2020-05-16T22:00:41.953] [DEBUG] cheese - login => username:admin,password:123456
[2020-05-16T22:00:41.954] [DEBUG] cheese - admin
[2020-05-16T22:00:41.958] [DEBUG] cheese - null
[2020-05-16T22:00:41.958] [DEBUG] cheese - null
[2020-05-16T22:07:37.664] [DEBUG] cheese - login => username:admin,password:123456
[2020-05-16T22:07:37.664] [DEBUG] cheese - admin
[2020-05-16T22:07:37.667] [DEBUG] cheese - null
[2020-05-16T22:07:37.667] [DEBUG] cheese - null
[2020-05-16T22:50:43.499] [DEBUG] cheese - login => username:admin,password:123456
[2020-05-16T22:50:43.502] [DEBUG] cheese - admin
[2020-05-16T22:50:43.516] [DEBUG] cheese - null
[2020-05-16T22:50:43.517] [DEBUG] cheese - null
[2020-05-16T22:50:45.508] [DEBUG] cheese - login => username:admin,password:123456
[2020-05-16T22:50:45.508] [DEBUG] cheese - admin
[2020-05-16T22:50:45.512] [DEBUG] cheese - null
[2020-05-16T22:50:45.512] [DEBUG] cheese - null
[2020-05-16T23:00:36.536] [DEBUG] cheese - login => username:admin,password:123456
[2020-05-16T23:00:36.536] [DEBUG] cheese - admin
[2020-05-16T23:00:36.541] [DEBUG] cheese - null
[2020-05-16T23:00:36.541] [DEBUG] cheese - null
[2020-05-16T23:02:07.953] [DEBUG] cheese - login => username:admin,password:123456
[2020-05-16T23:02:07.954] [DEBUG] cheese - admin
[2020-05-16T23:02:07.957] [DEBUG] cheese - null
[2020-05-16T23:02:07.957] [DEBUG] cheese - null
[2020-05-16T23:05:56.991] [DEBUG] cheese - login => username:admin,password:123456
[2020-05-16T23:05:56.991] [DEBUG] cheese - admin
[2020-05-16T23:05:56.994] [DEBUG] cheese - null
[2020-05-16T23:05:56.995] [DEBUG] cheese - null
[2020-05-16T23:35:01.785] [DEBUG] cheese - login => username:admin,password:123456
[2020-05-16T23:35:01.785] [DEBUG] cheese - admin
[2020-05-16T23:35:01.790] [DEBUG] cheese - null
[2020-05-16T23:35:01.791] [DEBUG] cheese - null
[2020-05-16T23:48:31.055] [DEBUG] cheese - login => username:admin,password:123456
[2020-05-16T23:48:31.056] [DEBUG] cheese - admin
[2020-05-16T23:48:31.060] [DEBUG] cheese - null
[2020-05-16T23:48:31.060] [DEBUG] cheese - null
[2020-05-17T09:05:45.227] [DEBUG] cheese - login => username:admin,password:123456
[2020-05-17T09:05:45.229] [DEBUG] cheese - admin
[2020-05-17T09:05:45.265] [DEBUG] cheese - null
[2020-05-17T09:05:45.265] [DEBUG] cheese - null
[2020-05-17T09:07:46.385] [DEBUG] cheese - login => username:admin,password:123456
[2020-05-17T09:07:46.385] [DEBUG] cheese - admin
[2020-05-17T09:07:46.389] [DEBUG] cheese - null
[2020-05-17T09:07:46.389] [DEBUG] cheese - null
[2020-05-17T09:14:28.296] [DEBUG] cheese - login => username:admin,password:123456
[2020-05-17T09:14:28.296] [DEBUG] cheese - admin
[2020-05-17T09:14:28.300] [DEBUG] cheese - null
[2020-05-17T09:14:28.300] [DEBUG] cheese - null
[2020-05-17T09:16:05.658] [DEBUG] cheese - login => username:admin,password:123456
[2020-05-17T09:16:05.658] [DEBUG] cheese - admin
[2020-05-17T09:16:05.661] [DEBUG] cheese - null
[2020-05-17T09:16:05.661] [DEBUG] cheese - null
[2020-05-17T09:18:05.295] [DEBUG] cheese - login => username:admin,password:123456
[2020-05-17T09:18:05.296] [DEBUG] cheese - admin
[2020-05-17T09:18:05.299] [DEBUG] cheese - null
[2020-05-17T09:18:05.299] [DEBUG] cheese - null
[2020-05-17T09:18:23.034] [DEBUG] cheese - login => username:admin,password:123456
[2020-05-17T09:18:23.035] [DEBUG] cheese - admin
[2020-05-17T09:18:23.038] [DEBUG] cheese - null
[2020-05-17T09:18:23.038] [DEBUG] cheese - null
[2020-05-17T09:19:46.147] [DEBUG] cheese - login => username:admin,password:123456
[2020-05-17T09:19:46.147] [DEBUG] cheese - admin
[2020-05-17T09:19:46.152] [DEBUG] cheese - null
[2020-05-17T09:19:46.153] [DEBUG] cheese - null
[2020-05-17T09:40:40.338] [DEBUG] cheese - login => username:admin,password:123456
[2020-05-17T09:40:40.338] [DEBUG] cheese - admin
[2020-05-17T09:40:40.342] [DEBUG] cheese - null
[2020-05-17T09:40:40.342] [DEBUG] cheese - null
[2020-05-17T09:40:54.508] [DEBUG] cheese - login => username:admin,password:123456
[2020-05-17T09:40:54.508] [DEBUG] cheese - admin
[2020-05-17T09:40:54.511] [DEBUG] cheese - null
[2020-05-17T09:40:54.511] [DEBUG] cheese - null
[2020-05-17T09:41:58.804] [DEBUG] cheese - login => username:admin,password:123456
[2020-05-17T09:41:58.804] [DEBUG] cheese - admin
[2020-05-17T09:41:58.807] [DEBUG] cheese - null
[2020-05-17T09:41:58.807] [DEBUG] cheese - null
[2020-05-17T09:42:00.838] [DEBUG] cheese - login => username:admin,password:123456
[2020-05-17T09:42:00.838] [DEBUG] cheese - admin
[2020-05-17T09:42:00.841] [DEBUG] cheese - null
[2020-05-17T09:42:00.841] [DEBUG] cheese - null
[2020-05-17T10:21:01.796] [DEBUG] cheese - login => username:admin,password:123456
[2020-05-17T10:21:01.796] [DEBUG] cheese - admin
[2020-05-17T10:21:01.800] [DEBUG] cheese - null
[2020-05-17T10:21:01.800] [DEBUG] cheese - null
[2020-05-17T10:22:48.452] [DEBUG] cheese - login => username:admin,password:123456
[2020-05-17T10:22:48.452] [DEBUG] cheese - admin
[2020-05-17T10:22:48.457] [DEBUG] cheese - null
[2020-05-17T10:22:48.457] [DEBUG] cheese - null
[2020-05-17T10:27:42.751] [DEBUG] cheese - login => username:admin,password:123456
[2020-05-17T10:27:42.751] [DEBUG] cheese - admin
[2020-05-17T10:27:42.755] [DEBUG] cheese - null
[2020-05-17T10:27:42.755] [DEBUG] cheese - null
[2020-05-17T10:32:13.139] [DEBUG] cheese - login => username:admin,password:123456
[2020-05-17T10:32:13.139] [DEBUG] cheese - admin
[2020-05-17T10:32:13.146] [DEBUG] cheese - null
[2020-05-17T10:32:13.146] [DEBUG] cheese - null
[2020-05-17T10:32:26.065] [DEBUG] cheese - login => username:admin,password:123456
[2020-05-17T10:32:26.065] [DEBUG] cheese - admin
[2020-05-17T10:32:26.074] [DEBUG] cheese - null
[2020-05-17T10:32:26.075] [DEBUG] cheese - null
[2020-05-17T10:35:24.978] [DEBUG] cheese - login => username:admin,password:123456
[2020-05-17T10:35:24.978] [DEBUG] cheese - admin
[2020-05-17T10:35:24.983] [DEBUG] cheese - null
[2020-05-17T10:35:24.983] [DEBUG] cheese - null
[2020-05-17T10:41:43.002] [DEBUG] cheese - login => username:admin,password:123456
[2020-05-17T10:41:43.002] [DEBUG] cheese - admin
[2020-05-17T10:41:43.007] [DEBUG] cheese - null
[2020-05-17T10:41:43.007] [DEBUG] cheese - null
[2020-05-17T10:49:50.622] [DEBUG] cheese - login => username:admin,password:123456
[2020-05-17T10:49:50.622] [DEBUG] cheese - admin
[2020-05-17T10:49:50.626] [DEBUG] cheese - null
[2020-05-17T10:49:50.627] [DEBUG] cheese - null
[2020-05-17T10:57:51.732] [DEBUG] cheese - login => username:admin,password:123456
[2020-05-17T10:57:51.733] [DEBUG] cheese - admin
[2020-05-17T10:57:51.739] [DEBUG] cheese - null
[2020-05-17T10:57:51.739] [DEBUG] cheese - null
[2020-05-17T10:59:04.856] [DEBUG] cheese - login => username:admin,password:123456
[2020-05-17T10:59:04.856] [DEBUG] cheese - admin
[2020-05-17T10:59:04.859] [DEBUG] cheese - null
[2020-05-17T10:59:04.859] [DEBUG] cheese - null
[2020-05-17T11:00:14.686] [DEBUG] cheese - login => username:admin,password:123456
[2020-05-17T11:00:14.686] [DEBUG] cheese - admin
[2020-05-17T11:00:14.690] [DEBUG] cheese - null
[2020-05-17T11:00:14.690] [DEBUG] cheese - null
[2020-05-17T11:00:21.062] [DEBUG] cheese - login => username:admin,password:123456
[2020-05-17T11:00:21.062] [DEBUG] cheese - admin
[2020-05-17T11:00:21.065] [DEBUG] cheese - null
[2020-05-17T11:00:21.065] [DEBUG] cheese - null
[2020-05-17T11:00:26.653] [DEBUG] cheese - login => username:admin,password:123456
[2020-05-17T11:00:26.653] [DEBUG] cheese - admin
[2020-05-17T11:00:26.660] [DEBUG] cheese - null
[2020-05-17T11:00:26.660] [DEBUG] cheese - null
[2020-05-17T11:01:30.975] [DEBUG] cheese - login => username:admin,password:123456
[2020-05-17T11:01:30.975] [DEBUG] cheese - admin
[2020-05-17T11:01:30.979] [DEBUG] cheese - null
[2020-05-17T11:01:30.980] [DEBUG] cheese - null
[2020-05-17T11:01:37.618] [DEBUG] cheese - login => username:admin,password:123456
[2020-05-17T11:01:37.619] [DEBUG] cheese - admin
[2020-05-17T11:01:37.624] [DEBUG] cheese - null
[2020-05-17T11:01:37.625] [DEBUG] cheese - null
[2020-05-17T11:03:36.547] [DEBUG] cheese - login => username:admin,password:123456
[2020-05-17T11:03:36.547] [DEBUG] cheese - admin
[2020-05-17T11:03:36.550] [DEBUG] cheese - null
[2020-05-17T11:03:36.550] [DEBUG] cheese - null
[2020-05-17T11:04:08.494] [DEBUG] cheese - login => username:admin,password:123456
[2020-05-17T11:04:08.495] [DEBUG] cheese - admin
[2020-05-17T11:04:08.499] [DEBUG] cheese - null
[2020-05-17T11:04:08.499] [DEBUG] cheese - null
[2020-05-17T11:05:37.574] [DEBUG] cheese - login => username:admin,password:123456
[2020-05-17T11:05:37.574] [DEBUG] cheese - admin
[2020-05-17T11:05:37.577] [DEBUG] cheese - null
[2020-05-17T11:05:37.577] [DEBUG] cheese - null
[2020-05-17T11:09:46.589] [DEBUG] cheese - login => username:admin,password:123456
[2020-05-17T11:09:46.590] [DEBUG] cheese - admin
[2020-05-17T11:09:46.594] [DEBUG] cheese - null
[2020-05-17T11:09:46.594] [DEBUG] cheese - null
[2020-05-17T11:13:11.297] [DEBUG] cheese - login => username:admin,password:123456
[2020-05-17T11:13:11.297] [DEBUG] cheese - admin
[2020-05-17T11:13:11.301] [DEBUG] cheese - null
[2020-05-17T11:13:11.301] [DEBUG] cheese - null
[2020-05-17T11:17:24.054] [DEBUG] cheese - login => username:admin,password:123456
[2020-05-17T11:17:24.054] [DEBUG] cheese - admin
[2020-05-17T11:17:24.060] [DEBUG] cheese - null
[2020-05-17T11:17:24.060] [DEBUG] cheese - null
[2020-05-17T11:18:23.999] [DEBUG] cheese - login => username:admin,password:123456
[2020-05-17T11:18:23.999] [DEBUG] cheese - admin
[2020-05-17T11:18:24.004] [DEBUG] cheese - null
[2020-05-17T11:18:24.004] [DEBUG] cheese - null
[2020-05-17T11:18:58.669] [DEBUG] cheese - login => username:admin,password:123456
[2020-05-17T11:18:58.669] [DEBUG] cheese - admin
[2020-05-17T11:18:58.672] [DEBUG] cheese - null
[2020-05-17T11:18:58.672] [DEBUG] cheese - null
[2020-05-17T11:20:16.014] [DEBUG] cheese - login => username:admin,password:123456
[2020-05-17T11:20:16.014] [DEBUG] cheese - admin
[2020-05-17T11:20:16.019] [DEBUG] cheese - null
[2020-05-17T11:20:16.019] [DEBUG] cheese - null
[2020-05-17T11:21:14.702] [DEBUG] cheese - login => username:admin,password:123456
[2020-05-17T11:21:14.702] [DEBUG] cheese - admin
[2020-05-17T11:21:14.706] [DEBUG] cheese - null
[2020-05-17T11:21:14.706] [DEBUG] cheese - null
[2020-05-17T13:42:14.270] [DEBUG] cheese - login => username:admin,password:123456
[2020-05-17T13:42:14.270] [DEBUG] cheese - admin
[2020-05-17T13:42:14.280] [DEBUG] cheese - null
[2020-05-17T13:42:14.280] [DEBUG] cheese - null
[2020-05-17T14:24:14.478] [DEBUG] cheese - login => username:admin,password:123456
[2020-05-17T14:24:14.479] [DEBUG] cheese - admin
[2020-05-17T14:24:14.482] [DEBUG] cheese - null
[2020-05-17T14:24:14.482] [DEBUG] cheese - null
[2020-05-17T14:24:35.109] [DEBUG] cheese - login => username:admin,password:123456
[2020-05-17T14:24:35.109] [DEBUG] cheese - admin
[2020-05-17T14:24:35.113] [DEBUG] cheese - null
[2020-05-17T14:24:35.113] [DEBUG] cheese - null
[2020-05-17T14:24:39.391] [DEBUG] cheese - login => username:admin,password:123456
[2020-05-17T14:24:39.391] [DEBUG] cheese - admin
[2020-05-17T14:24:39.396] [DEBUG] cheese - null
[2020-05-17T14:24:39.396] [DEBUG] cheese - null
[2020-05-17T14:50:42.730] [DEBUG] cheese - login => username:admin,password:123456
[2020-05-17T14:50:42.730] [DEBUG] cheese - admin
[2020-05-17T14:50:42.733] [DEBUG] cheese - null
[2020-05-17T14:50:42.733] [DEBUG] cheese - null
[2020-05-17T14:51:33.988] [DEBUG] cheese - login => username:admin,password:123456
[2020-05-17T14:51:33.988] [DEBUG] cheese - admin
[2020-05-17T14:51:33.992] [DEBUG] cheese - null
[2020-05-17T14:51:33.993] [DEBUG] cheese - null
[2020-05-17T14:54:56.428] [DEBUG] cheese - login => username:admin,password:123456
[2020-05-17T14:54:56.428] [DEBUG] cheese - admin
[2020-05-17T14:54:56.432] [DEBUG] cheese - null
[2020-05-17T14:54:56.432] [DEBUG] cheese - null
[2020-05-17T14:56:58.763] [DEBUG] cheese - login => username:admin,password:123456
[2020-05-17T14:56:58.763] [DEBUG] cheese - admin
[2020-05-17T14:56:58.766] [DEBUG] cheese - null
[2020-05-17T14:56:58.766] [DEBUG] cheese - null
[2020-05-17T14:57:30.590] [DEBUG] cheese - login => username:admin,password:123456
[2020-05-17T14:57:30.590] [DEBUG] cheese - admin
[2020-05-17T14:57:30.592] [DEBUG] cheese - null
[2020-05-17T14:57:30.592] [DEBUG] cheese - null
[2020-05-17T15:02:23.542] [DEBUG] cheese - login => username:admin,password:123456
[2020-05-17T15:02:23.543] [DEBUG] cheese - admin
[2020-05-17T15:02:23.546] [DEBUG] cheese - null
[2020-05-17T15:02:23.546] [DEBUG] cheese - null
[2020-05-17T15:05:45.969] [DEBUG] cheese - login => username:admin,password:123456
[2020-05-17T15:05:45.969] [DEBUG] cheese - admin
[2020-05-17T15:05:45.973] [DEBUG] cheese - null
[2020-05-17T15:05:45.973] [DEBUG] cheese - null
[2020-05-17T15:30:38.764] [DEBUG] cheese - login => username:admin,password:123456
[2020-05-17T15:30:38.764] [DEBUG] cheese - admin
[2020-05-17T15:30:38.767] [DEBUG] cheese - null
[2020-05-17T15:30:38.768] [DEBUG] cheese - null
[2020-05-17T15:30:44.252] [DEBUG] cheese - login => username:admin,password:123456
[2020-05-17T15:30:44.252] [DEBUG] cheese - admin
[2020-05-17T15:30:44.254] [DEBUG] cheese - null
[2020-05-17T15:30:44.254] [DEBUG] cheese - null
[2020-05-17T16:53:44.899] [DEBUG] cheese - login => username:admin,password:123456
[2020-05-17T16:53:44.899] [DEBUG] cheese - admin
[2020-05-17T16:53:44.903] [DEBUG] cheese - null
[2020-05-17T16:53:44.903] [DEBUG] cheese - null
[2020-05-17T18:20:23.361] [DEBUG] cheese - login => username:admin,password:123456
[2020-05-17T18:20:23.361] [DEBUG] cheese - admin
[2020-05-17T18:20:23.367] [DEBUG] cheese - null
[2020-05-17T18:20:23.368] [DEBUG] cheese - null
[2020-05-17T18:36:48.141] [DEBUG] cheese - login => username:admin,password:123456
[2020-05-17T18:36:48.141] [DEBUG] cheese - admin
[2020-05-17T18:36:48.144] [DEBUG] cheese - null
[2020-05-17T18:36:48.144] [DEBUG] cheese - null
[2020-05-17T19:38:14.585] [DEBUG] cheese - login => username:admin,password:123456
[2020-05-17T19:38:14.585] [DEBUG] cheese - admin
[2020-05-17T19:38:14.590] [DEBUG] cheese - null
[2020-05-17T19:38:14.590] [DEBUG] cheese - null
[2020-05-17T20:24:08.166] [DEBUG] cheese - login => username:admin,password:123456
[2020-05-17T20:24:08.166] [DEBUG] cheese - admin
[2020-05-17T20:24:08.178] [DEBUG] cheese - null
[2020-05-17T20:24:08.178] [DEBUG] cheese - null
[2020-05-17T20:26:04.552] [DEBUG] cheese - login => username:admin,password:123456
[2020-05-17T20:26:04.552] [DEBUG] cheese - admin
[2020-05-17T20:26:04.558] [DEBUG] cheese - null
[2020-05-17T20:26:04.558] [DEBUG] cheese - null
[2020-05-18T18:28:56.614] [DEBUG] cheese - login => username:admin,password:123456
[2020-05-18T18:28:56.614] [DEBUG] cheese - admin
[2020-05-18T18:28:56.620] [DEBUG] cheese - null
[2020-05-18T18:28:56.621] [DEBUG] cheese - null
[2020-05-18T18:45:06.416] [DEBUG] cheese - login => username:admin,password:123456
[2020-05-18T18:45:06.417] [DEBUG] cheese - admin
[2020-05-18T18:45:06.421] [DEBUG] cheese - null
[2020-05-18T18:45:06.421] [DEBUG] cheese - null
[2020-05-19T08:31:47.085] [DEBUG] cheese - login => username:admin,password:123456
[2020-05-19T08:31:47.087] [DEBUG] cheese - admin
[2020-05-19T08:31:47.121] [DEBUG] cheese - null
[2020-05-19T08:31:47.121] [DEBUG] cheese - null
[2020-05-19T09:12:07.047] [DEBUG] cheese - login => username:admin,password:123456
[2020-05-19T09:12:07.047] [DEBUG] cheese - admin
[2020-05-19T09:12:07.051] [DEBUG] cheese - null
[2020-05-19T09:12:07.051] [DEBUG] cheese - null
[2020-05-19T12:18:07.953] [DEBUG] cheese - login => username:admin,password:123456
[2020-05-19T12:18:07.957] [DEBUG] cheese - admin
[2020-05-19T12:18:07.977] [DEBUG] cheese - null
[2020-05-19T12:18:07.978] [DEBUG] cheese - null
[2020-05-19T16:10:41.001] [DEBUG] cheese - login => username:admin,password:123456
[2020-05-19T16:10:41.004] [DEBUG] cheese - admin
[2020-05-19T16:10:41.017] [DEBUG] cheese - null
[2020-05-19T16:10:41.017] [DEBUG] cheese - null
[2020-05-19T19:11:06.599] [DEBUG] cheese - login => username:admin,password:123456
[2020-05-19T19:11:06.601] [DEBUG] cheese - admin
[2020-05-19T19:11:06.617] [DEBUG] cheese - null
[2020-05-19T19:11:06.617] [DEBUG] cheese - null
[2020-05-19T20:26:57.894] [DEBUG] cheese - login => username:admin,password:123456
[2020-05-19T20:26:57.895] [DEBUG] cheese - admin
[2020-05-19T20:26:57.931] [DEBUG] cheese - null
[2020-05-19T20:26:57.931] [DEBUG] cheese - null
[2020-05-19T21:15:00.410] [DEBUG] cheese - login => username:admin,password:123456
[2020-05-19T21:15:00.410] [DEBUG] cheese - admin
[2020-05-19T21:15:00.413] [DEBUG] cheese - null
[2020-05-19T21:15:00.413] [DEBUG] cheese - null
[2020-05-19T23:36:13.163] [DEBUG] cheese - null
[2020-05-20T00:03:37.502] [DEBUG] cheese - login => username:admin,password:123456
[2020-05-20T00:03:37.502] [DEBUG] cheese - admin
[2020-05-20T00:03:37.507] [DEBUG] cheese - null
[2020-05-20T00:03:37.508] [DEBUG] cheese - null
[2020-05-20T14:26:32.493] [DEBUG] cheese - login => username:admin,password:123456
[2020-05-20T14:26:32.496] [DEBUG] cheese - admin
[2020-05-20T14:26:32.511] [DEBUG] cheese - null
[2020-05-20T14:26:32.512] [DEBUG] cheese - null
[2020-05-20T14:39:49.935] [DEBUG] cheese - login => username:admin,password:123456
[2020-05-20T14:39:49.937] [DEBUG] cheese - admin
[2020-05-20T14:39:49.949] [DEBUG] cheese - null
[2020-05-20T14:39:49.950] [DEBUG] cheese - null
[2020-05-22T23:20:39.172] [DEBUG] cheese - login => username:admin,password:123456
[2020-05-22T23:20:39.175] [DEBUG] cheese - admin
[2020-05-22T23:20:39.257] [DEBUG] cheese - null
[2020-05-22T23:20:39.257] [DEBUG] cheese - null
[2020-06-01T14:53:53.939] [DEBUG] cheese - login => username:admin,password:123456
[2020-06-01T14:53:53.943] [DEBUG] cheese - admin
[2020-06-01T14:53:54.049] [DEBUG] cheese - null
[2020-06-01T14:53:54.050] [DEBUG] cheese - null
[2020-06-02T16:16:27.341] [DEBUG] cheese - login => username:admin,password:123456
[2020-06-02T16:16:27.346] [DEBUG] cheese - admin
[2020-06-02T16:16:27.398] [DEBUG] cheese - null
[2020-06-02T16:16:27.398] [DEBUG] cheese - null
[2020-06-02T16:17:45.959] [DEBUG] cheese - login => username:admin,password:123456
[2020-06-02T16:17:45.959] [DEBUG] cheese - admin
[2020-06-02T16:17:45.962] [DEBUG] cheese - null
[2020-06-02T16:17:45.963] [DEBUG] cheese - null
[2020-06-02T16:17:50.088] [DEBUG] cheese - login => username:admin,password:123456
[2020-06-02T16:17:50.089] [DEBUG] cheese - admin
[2020-06-02T16:17:50.093] [DEBUG] cheese - null
[2020-06-02T16:17:50.093] [DEBUG] cheese - null
[2020-06-02T16:30:52.651] [DEBUG] cheese - login => username:admin,password:123456
[2020-06-02T16:30:52.651] [DEBUG] cheese - admin
[2020-06-02T16:30:52.656] [DEBUG] cheese - null
[2020-06-02T16:30:52.656] [DEBUG] cheese - null
[2020-06-02T16:55:19.181] [DEBUG] cheese - login => username:admin,password:123456
[2020-06-02T16:55:19.184] [DEBUG] cheese - admin
[2020-06-02T16:55:19.190] [DEBUG] cheese - null
[2020-06-02T16:55:19.191] [DEBUG] cheese - null
[2020-06-02T17:14:21.929] [DEBUG] cheese - login => username:admin,password:123456
[2020-06-02T17:14:21.931] [DEBUG] cheese - admin
[2020-06-02T17:14:21.938] [DEBUG] cheese - null
[2020-06-02T17:14:21.938] [DEBUG] cheese - null
[2020-06-02T22:56:45.667] [DEBUG] cheese - login => username:admin,password:123456
[2020-06-02T22:56:45.672] [DEBUG] cheese - admin
[2020-06-02T22:56:45.710] [DEBUG] cheese - null
[2020-06-02T22:56:45.711] [DEBUG] cheese - null
[2020-06-02T23:04:29.655] [DEBUG] cheese - login => username:admin,password:123456
[2020-06-02T23:04:29.655] [DEBUG] cheese - admin
[2020-06-02T23:04:29.659] [DEBUG] cheese - null
[2020-06-02T23:04:29.659] [DEBUG] cheese - null
[2020-06-02T23:14:12.852] [DEBUG] cheese - login => username:admin,password:123456
[2020-06-02T23:14:12.853] [DEBUG] cheese - admin
[2020-06-02T23:14:12.856] [DEBUG] cheese - null
[2020-06-02T23:14:12.856] [DEBUG] cheese - null
[2020-06-02T23:27:47.980] [DEBUG] cheese - login => username:admin,password:123456
[2020-06-02T23:27:47.981] [DEBUG] cheese - admin
[2020-06-02T23:27:47.994] [DEBUG] cheese - null
[2020-06-02T23:27:47.995] [DEBUG] cheese - null
[2020-06-02T23:30:17.606] [DEBUG] cheese - login => username:admin,password:123456
[2020-06-02T23:30:17.607] [DEBUG] cheese - admin
[2020-06-02T23:30:17.611] [DEBUG] cheese - null
[2020-06-02T23:30:17.611] [DEBUG] cheese - null
[2020-06-02T23:37:47.071] [DEBUG] cheese - login => username:admin,password:123456
[2020-06-02T23:37:47.074] [DEBUG] cheese - admin
[2020-06-02T23:37:47.180] [DEBUG] cheese - null
[2020-06-02T23:37:47.181] [DEBUG] cheese - null
[2020-06-03T19:00:30.261] [DEBUG] cheese - login => username:admin,password:123456
[2020-06-03T19:00:30.263] [DEBUG] cheese - admin
[2020-06-03T19:00:30.326] [DEBUG] cheese - null
[2020-06-03T19:00:30.326] [DEBUG] cheese - null
[2020-06-03T19:06:03.176] [DEBUG] cheese - login => username:admin,password:123456
[2020-06-03T19:06:03.176] [DEBUG] cheese - admin
[2020-06-03T19:06:03.181] [DEBUG] cheese - null
[2020-06-03T19:06:03.182] [DEBUG] cheese - null
[2020-06-03T19:06:10.913] [DEBUG] cheese - login => username:admin,password:123456
[2020-06-03T19:06:10.913] [DEBUG] cheese - admin
[2020-06-03T19:06:10.918] [DEBUG] cheese - null
[2020-06-03T19:06:10.918] [DEBUG] cheese - null
[2020-06-03T19:06:25.642] [DEBUG] cheese - login => username:admin,password:123456
[2020-06-03T19:06:25.642] [DEBUG] cheese - admin
[2020-06-03T19:06:25.645] [DEBUG] cheese - null
[2020-06-03T19:06:25.645] [DEBUG] cheese - null
[2020-06-03T19:19:44.337] [DEBUG] cheese - login => username:admin,password:123456
[2020-06-03T19:19:44.337] [DEBUG] cheese - admin
[2020-06-03T19:19:44.341] [DEBUG] cheese - null
[2020-06-03T19:19:44.341] [DEBUG] cheese - null
[2020-06-03T19:25:32.045] [DEBUG] cheese - login => username:admin,password:123456
[2020-06-03T19:25:32.046] [DEBUG] cheese - admin
[2020-06-03T19:25:32.052] [DEBUG] cheese - null
[2020-06-03T19:25:32.052] [DEBUG] cheese - null
[2020-06-03T19:29:20.189] [DEBUG] cheese - login => username:admin,password:123456
[2020-06-03T19:29:20.189] [DEBUG] cheese - admin
[2020-06-03T19:29:20.192] [DEBUG] cheese - null
[2020-06-03T19:29:20.192] [DEBUG] cheese - null
[2020-06-03T19:34:59.051] [DEBUG] cheese - login => username:admin,password:123456
[2020-06-03T19:34:59.051] [DEBUG] cheese - admin
[2020-06-03T19:34:59.056] [DEBUG] cheese - null
[2020-06-03T19:34:59.056] [DEBUG] cheese - null
[2020-06-03T19:37:24.105] [DEBUG] cheese - login => username:admin,password:123456
[2020-06-03T19:37:24.105] [DEBUG] cheese - admin
[2020-06-03T19:37:24.110] [DEBUG] cheese - null
[2020-06-03T19:37:24.110] [DEBUG] cheese - null
[2020-06-03T19:41:42.724] [DEBUG] cheese - login => username:admin,password:123456
[2020-06-03T19:41:42.724] [DEBUG] cheese - admin
[2020-06-03T19:41:42.727] [DEBUG] cheese - null
[2020-06-03T19:41:42.728] [DEBUG] cheese - null
[2020-06-03T20:30:12.486] [DEBUG] cheese - login => username:admin,password:123456
[2020-06-03T20:30:12.487] [DEBUG] cheese - admin
[2020-06-03T20:30:12.491] [DEBUG] cheese - null
[2020-06-03T20:30:12.491] [DEBUG] cheese - null
[2020-06-03T20:35:11.714] [DEBUG] cheese - null
[2020-06-03T20:41:44.483] [DEBUG] cheese - login => username:admin,password:123456
[2020-06-03T20:41:44.484] [DEBUG] cheese - admin
[2020-06-03T20:41:44.486] [DEBUG] cheese - null
[2020-06-03T20:41:44.486] [DEBUG] cheese - null
[2020-06-03T20:42:10.431] [DEBUG] cheese - login => username:admin,password:123456
[2020-06-03T20:42:10.431] [DEBUG] cheese - admin
[2020-06-03T20:42:10.434] [DEBUG] cheese - null
[2020-06-03T20:42:10.434] [DEBUG] cheese - null
[2020-06-03T20:42:36.583] [DEBUG] cheese - login => username:admin,password:123456
[2020-06-03T20:42:36.583] [DEBUG] cheese - admin
[2020-06-03T20:42:36.586] [DEBUG] cheese - null
[2020-06-03T20:42:36.586] [DEBUG] cheese - null
[2020-06-03T20:43:47.542] [DEBUG] cheese - login => username:admin,password:123456
[2020-06-03T20:43:47.542] [DEBUG] cheese - admin
[2020-06-03T20:43:47.546] [DEBUG] cheese - null
[2020-06-03T20:43:47.546] [DEBUG] cheese - null
[2020-06-03T20:44:38.825] [DEBUG] cheese - login => username:admin,password:123456
[2020-06-03T20:44:38.827] [DEBUG] cheese - admin
[2020-06-03T20:44:38.833] [DEBUG] cheese - null
[2020-06-03T20:44:38.834] [DEBUG] cheese - null
[2020-06-03T20:46:09.737] [DEBUG] cheese - login => username:admin,password:123456
[2020-06-03T20:46:09.738] [DEBUG] cheese - admin
[2020-06-03T20:46:09.753] [DEBUG] cheese - null
[2020-06-03T20:46:09.754] [DEBUG] cheese - null
[2020-06-03T21:55:13.133] [DEBUG] cheese - null
[2020-06-03T22:36:46.856] [DEBUG] cheese - login => username:admin,password:123456
[2020-06-03T22:36:46.859] [DEBUG] cheese - admin
[2020-06-03T22:36:46.867] [DEBUG] cheese - null
[2020-06-03T22:36:46.867] [DEBUG] cheese - null
[2020-06-03T22:37:42.452] [DEBUG] cheese - login => username:admin,password:123456
[2020-06-03T22:37:42.452] [DEBUG] cheese - admin
[2020-06-03T22:37:42.455] [DEBUG] cheese - null
[2020-06-03T22:37:42.455] [DEBUG] cheese - null
[2020-06-03T22:46:49.976] [DEBUG] cheese - login => username:admin,password:123456
[2020-06-03T22:46:49.976] [DEBUG] cheese - admin
[2020-06-03T22:46:49.987] [DEBUG] cheese - null
[2020-06-03T22:46:49.987] [DEBUG] cheese - null
[2020-06-03T23:01:18.046] [DEBUG] cheese - login => username:admin,password:123456
[2020-06-03T23:01:18.047] [DEBUG] cheese - admin
[2020-06-03T23:01:18.051] [DEBUG] cheese - null
[2020-06-03T23:01:18.052] [DEBUG] cheese - null
[2020-06-03T23:07:54.630] [DEBUG] cheese - login => username:admin,password:123456
[2020-06-03T23:07:54.632] [DEBUG] cheese - admin
[2020-06-03T23:07:54.648] [DEBUG] cheese - null
[2020-06-03T23:07:54.649] [DEBUG] cheese - null
[2020-06-03T23:29:55.593] [DEBUG] cheese - login => username:admin,password:123456
[2020-06-03T23:29:55.594] [DEBUG] cheese - admin
[2020-06-03T23:29:55.599] [DEBUG] cheese - null
[2020-06-03T23:29:55.600] [DEBUG] cheese - null
[2020-06-04T00:05:57.944] [DEBUG] cheese - login => username:admin,password:123456
[2020-06-04T00:05:57.946] [DEBUG] cheese - admin
[2020-06-04T00:05:57.986] [DEBUG] cheese - null
[2020-06-04T00:05:57.987] [DEBUG] cheese - null
[2020-06-04T00:09:44.478] [DEBUG] cheese - login => username:admin,password:123456
[2020-06-04T00:09:44.478] [DEBUG] cheese - admin
[2020-06-04T00:09:44.483] [DEBUG] cheese - null
[2020-06-04T00:09:44.483] [DEBUG] cheese - null
[2020-06-04T00:09:47.184] [DEBUG] cheese - login => username:admin,password:123456
[2020-06-04T00:09:47.185] [DEBUG] cheese - admin
[2020-06-04T00:09:47.191] [DEBUG] cheese - null
[2020-06-04T00:09:47.191] [DEBUG] cheese - null
[2020-06-04T00:09:55.604] [DEBUG] cheese - login => username:admin,password:123456
[2020-06-04T00:09:55.604] [DEBUG] cheese - admin
[2020-06-04T00:09:55.608] [DEBUG] cheese - null
[2020-06-04T00:09:55.609] [DEBUG] cheese - null
[2020-06-04T00:12:21.243] [DEBUG] cheese - login => username:admin,password:123456
[2020-06-04T00:12:21.244] [DEBUG] cheese - admin
[2020-06-04T00:12:21.257] [DEBUG] cheese - null
[2020-06-04T00:12:21.257] [DEBUG] cheese - null
[2020-06-04T13:05:25.531] [DEBUG] cheese - login => username:admin,password:123456
[2020-06-04T13:05:25.534] [DEBUG] cheese - admin
[2020-06-04T13:05:25.656] [DEBUG] cheese - null
[2020-06-04T13:05:25.662] [DEBUG] cheese - null
[2020-06-04T13:05:30.284] [DEBUG] cheese - login => username:admin,password:123456
[2020-06-04T13:05:30.284] [DEBUG] cheese - admin
[2020-06-04T13:05:30.382] [DEBUG] cheese - null
[2020-06-04T13:05:30.383] [DEBUG] cheese - null
[2020-06-04T13:05:36.798] [DEBUG] cheese - login => username:admin,password:123456
[2020-06-04T13:05:36.798] [DEBUG] cheese - admin
[2020-06-04T13:05:36.824] [DEBUG] cheese - null
[2020-06-04T13:05:36.825] [DEBUG] cheese - null
[2020-06-04T13:10:20.798] [DEBUG] cheese - login => username:admin,password:123456
[2020-06-04T13:10:20.799] [DEBUG] cheese - admin
[2020-06-04T13:10:20.805] [DEBUG] cheese - null
[2020-06-04T13:10:20.807] [DEBUG] cheese - null
[2020-06-04T15:19:34.764] [DEBUG] cheese - null
[2020-06-04T15:19:59.244] [DEBUG] cheese - null
[2020-06-04T15:20:18.825] [DEBUG] cheese - null
[2020-06-04T15:21:53.367] [DEBUG] cheese - null
[2020-06-04T15:22:15.441] [DEBUG] cheese - null
[2020-06-04T15:35:44.367] [DEBUG] cheese - login => username:admin,password:123456
[2020-06-04T15:35:44.368] [DEBUG] cheese - admin
[2020-06-04T15:35:44.372] [DEBUG] cheese - null
[2020-06-04T15:35:44.372] [DEBUG] cheese - null
[2020-06-04T15:37:24.856] [DEBUG] cheese - login => username:admin,password:123456
[2020-06-04T15:37:24.856] [DEBUG] cheese - admin
[2020-06-04T15:37:24.860] [DEBUG] cheese - null
[2020-06-04T15:37:24.861] [DEBUG] cheese - null
[2020-06-04T15:37:48.457] [DEBUG] cheese - login => username:admin,password:123456
[2020-06-04T15:37:48.457] [DEBUG] cheese - admin
[2020-06-04T15:37:48.461] [DEBUG] cheese - null
[2020-06-04T15:37:48.461] [DEBUG] cheese - null
[2020-06-04T15:47:34.462] [DEBUG] cheese - login => username:admin,password:123456
[2020-06-04T15:47:34.462] [DEBUG] cheese - admin
[2020-06-04T15:47:34.464] [DEBUG] cheese - null
[2020-06-04T15:47:34.465] [DEBUG] cheese - null
[2020-06-04T15:48:40.324] [DEBUG] cheese - login => username:admin,password:123456
[2020-06-04T15:48:40.324] [DEBUG] cheese - admin
[2020-06-04T15:48:40.327] [DEBUG] cheese - null
[2020-06-04T15:48:40.327] [DEBUG] cheese - null
[2020-06-04T15:48:57.182] [DEBUG] cheese - login => username:admin,password:123456
[2020-06-04T15:48:57.182] [DEBUG] cheese - admin
[2020-06-04T15:48:57.186] [DEBUG] cheese - null
[2020-06-04T15:48:57.186] [DEBUG] cheese - null
[2020-06-04T16:00:47.169] [DEBUG] cheese - login => username:admin,password:123456
[2020-06-04T16:00:47.169] [DEBUG] cheese - admin
[2020-06-04T16:00:47.175] [DEBUG] cheese - null
[2020-06-04T16:00:47.175] [DEBUG] cheese - null
[2020-06-04T16:01:26.357] [DEBUG] cheese - login => username:admin,password:123456
[2020-06-04T16:01:26.357] [DEBUG] cheese - admin
[2020-06-04T16:01:26.363] [DEBUG] cheese - null
[2020-06-04T16:01:26.363] [DEBUG] cheese - null
[2020-06-04T16:21:31.080] [DEBUG] cheese - login => username:admin,password:123456
[2020-06-04T16:21:31.081] [DEBUG] cheese - admin
[2020-06-04T16:21:31.085] [DEBUG] cheese - null
[2020-06-04T16:21:31.085] [DEBUG] cheese - null
[2020-06-04T16:21:35.128] [DEBUG] cheese - login => username:admin,password:123456
[2020-06-04T16:21:35.129] [DEBUG] cheese - admin
[2020-06-04T16:21:35.133] [DEBUG] cheese - null
[2020-06-04T16:21:35.133] [DEBUG] cheese - null
[2020-06-04T16:21:37.656] [DEBUG] cheese - login => username:admin,password:123456
[2020-06-04T16:21:37.656] [DEBUG] cheese - admin
[2020-06-04T16:21:37.659] [DEBUG] cheese - null
[2020-06-04T16:21:37.659] [DEBUG] cheese - null
[2020-06-04T16:31:17.031] [DEBUG] cheese - login => username:admin,password:123456
[2020-06-04T16:31:17.031] [DEBUG] cheese - admin
[2020-06-04T16:31:17.035] [DEBUG] cheese - null
[2020-06-04T16:31:17.035] [DEBUG] cheese - null
[2020-06-04T16:46:31.271] [DEBUG] cheese - null
[2020-06-04T16:47:59.629] [DEBUG] cheese - login => username:admin,password:123456
[2020-06-04T16:47:59.629] [DEBUG] cheese - admin
[2020-06-04T16:47:59.634] [DEBUG] cheese - null
[2020-06-04T16:47:59.634] [DEBUG] cheese - null
[2020-06-04T16:53:26.816] [DEBUG] cheese - login => username:admin,password:123456
[2020-06-04T16:53:26.816] [DEBUG] cheese - admin
[2020-06-04T16:53:26.820] [DEBUG] cheese - null
[2020-06-04T16:53:26.820] [DEBUG] cheese - null
[2020-06-04T16:53:31.964] [DEBUG] cheese - login => username:admin,password:123456
[2020-06-04T16:53:31.964] [DEBUG] cheese - admin
[2020-06-04T16:53:31.968] [DEBUG] cheese - null
[2020-06-04T16:53:31.968] [DEBUG] cheese - null
[2020-06-04T16:53:41.070] [DEBUG] cheese - login => username:admin,password:123456
[2020-06-04T16:53:41.070] [DEBUG] cheese - admin
[2020-06-04T16:53:41.074] [DEBUG] cheese - null
[2020-06-04T16:53:41.074] [DEBUG] cheese - null
[2020-06-04T16:58:20.772] [DEBUG] cheese - login => username:admin,password:123456
[2020-06-04T16:58:20.773] [DEBUG] cheese - admin
[2020-06-04T16:58:20.777] [DEBUG] cheese - null
[2020-06-04T16:58:20.777] [DEBUG] cheese - null
[2020-06-04T17:03:55.241] [DEBUG] cheese - login => username:admin,password:123456
[2020-06-04T17:03:55.241] [DEBUG] cheese - admin
[2020-06-04T17:03:55.245] [DEBUG] cheese - null
[2020-06-04T17:03:55.246] [DEBUG] cheese - null
[2020-06-04T17:04:20.024] [DEBUG] cheese - login => username:admin,password:123456
[2020-06-04T17:04:20.025] [DEBUG] cheese - admin
[2020-06-04T17:04:20.027] [DEBUG] cheese - null
[2020-06-04T17:04:20.027] [DEBUG] cheese - null
[2020-06-04T17:21:04.090] [DEBUG] cheese - login => username:admin,password:123456
[2020-06-04T17:21:04.090] [DEBUG] cheese - admin
[2020-06-04T17:21:04.093] [DEBUG] cheese - null
[2020-06-04T17:21:04.094] [DEBUG] cheese - null
[2020-06-04T20:36:03.351] [DEBUG] cheese - login => username:admin,password:123456
[2020-06-04T20:36:03.359] [DEBUG] cheese - admin
[2020-06-04T20:36:03.368] [DEBUG] cheese - null
[2020-06-04T20:36:03.369] [DEBUG] cheese - null
[2020-06-04T20:47:44.186] [DEBUG] cheese - login => username:admin,password:123456
[2020-06-04T20:47:44.186] [DEBUG] cheese - admin
[2020-06-04T20:47:44.190] [DEBUG] cheese - null
[2020-06-04T20:47:44.190] [DEBUG] cheese - null
[2020-06-07T09:55:20.715] [DEBUG] cheese - login => username:admin,password:123456
[2020-06-07T09:55:20.719] [DEBUG] cheese - admin
[2020-06-07T09:55:20.850] [DEBUG] cheese - null
[2020-06-07T09:55:20.851] [DEBUG] cheese - null
[2020-06-07T10:21:09.261] [DEBUG] cheese - login => username:admin,password:123456
[2020-06-07T10:21:09.261] [DEBUG] cheese - admin
[2020-06-07T10:21:09.266] [DEBUG] cheese - null
[2020-06-07T10:21:09.266] [DEBUG] cheese - null
[2020-06-07T10:25:46.266] [DEBUG] cheese - login => username:admin,password:123456
[2020-06-07T10:25:46.266] [DEBUG] cheese - admin
[2020-06-07T10:25:46.270] [DEBUG] cheese - null
[2020-06-07T10:25:46.270] [DEBUG] cheese - null
[2021-02-22T17:04:22.557] [DEBUG] cheese - login => username:admin,password:123456
[2021-02-22T17:04:22.558] [DEBUG] cheese - admin
[2021-02-22T17:04:22.569] [DEBUG] cheese - null
[2021-02-22T17:04:22.570] [DEBUG] cheese - null
[2021-02-22T20:23:11.604] [DEBUG] cheese - login => username:admin,password:123456
[2021-02-22T20:23:11.604] [DEBUG] cheese - admin
[2021-02-22T20:23:11.657] [DEBUG] cheese - null
[2021-02-22T20:23:11.657] [DEBUG] cheese - null
[2021-02-28T20:25:01.448] [DEBUG] cheese - login => username:admin,password:123456
[2021-02-28T20:25:01.450] [DEBUG] cheese - admin
[2021-02-28T20:25:01.514] [DEBUG] cheese - null
[2021-02-28T20:25:01.515] [DEBUG] cheese - null
[2021-02-28T20:30:25.945] [DEBUG] cheese - login => username:admin,password:123456
[2021-02-28T20:30:25.947] [DEBUG] cheese - admin
[2021-02-28T20:30:25.962] [DEBUG] cheese - null
[2021-02-28T20:30:25.963] [DEBUG] cheese - null
[2021-02-28T20:30:32.890] [DEBUG] cheese - login => username:admin,password:123456
[2021-02-28T20:30:32.891] [DEBUG] cheese - admin
[2021-02-28T20:30:32.896] [DEBUG] cheese - null
[2021-02-28T20:30:32.896] [DEBUG] cheese - null
[2021-02-28T20:30:38.771] [DEBUG] cheese - login => username:admin,password:123456
[2021-02-28T20:30:38.772] [DEBUG] cheese - admin
[2021-02-28T20:30:38.777] [DEBUG] cheese - null
[2021-02-28T20:30:38.777] [DEBUG] cheese - null
[2021-02-28T20:30:50.004] [DEBUG] cheese - login => username:admin,password:123456
[2021-02-28T20:30:50.005] [DEBUG] cheese - admin
[2021-02-28T20:30:50.009] [DEBUG] cheese - null
[2021-02-28T20:30:50.009] [DEBUG] cheese - null
[2021-02-28T20:30:58.039] [DEBUG] cheese - login => username:admin,password:123456
[2021-02-28T20:30:58.039] [DEBUG] cheese - admin
[2021-02-28T20:30:58.043] [DEBUG] cheese - null
[2021-02-28T20:30:58.043] [DEBUG] cheese - null
[2021-02-28T20:45:46.109] [DEBUG] cheese - login => username:admin,password:123456
[2021-02-28T20:45:46.110] [DEBUG] cheese - admin
[2021-02-28T20:45:46.115] [DEBUG] cheese - null
[2021-02-28T20:45:46.116] [DEBUG] cheese - null
[2021-02-28T20:49:57.119] [DEBUG] cheese - login => username:admin,password:123456
[2021-02-28T20:49:57.119] [DEBUG] cheese - admin
[2021-02-28T20:49:57.124] [DEBUG] cheese - null
[2021-02-28T20:49:57.124] [DEBUG] cheese - null
[2021-03-07T19:00:40.794] [DEBUG] cheese - login => username:admin,password:123456
[2021-03-07T19:00:40.796] [DEBUG] cheese - admin
[2021-03-07T19:00:40.893] [DEBUG] cheese - null
[2021-03-07T19:00:40.894] [DEBUG] cheese - null
[2021-03-15T10:33:10.008] [DEBUG] cheese - login => username:admin,password:123456
[2021-03-15T10:33:10.010] [DEBUG] cheese - admin
[2021-03-15T10:33:10.071] [DEBUG] cheese - null
[2021-03-15T10:33:10.073] [DEBUG] cheese - null
[2021-03-15T10:59:48.751] [DEBUG] cheese - null
[2021-03-15T10:59:52.630] [DEBUG] cheese - null
[2021-03-15T11:00:07.990] [DEBUG] cheese - null
[2021-03-15T11:00:08.845] [DEBUG] cheese - null
[2021-03-15T11:00:09.113] [DEBUG] cheese - null
[2021-03-15T11:00:09.342] [DEBUG] cheese - null
[2021-03-15T11:00:09.532] [DEBUG] cheese - null
[2021-03-15T11:00:09.731] [DEBUG] cheese - null
[2021-03-15T11:00:09.898] [DEBUG] cheese - null
[2021-03-15T11:00:10.069] [DEBUG] cheese - null
[2021-03-15T11:00:10.245] [DEBUG] cheese - null
[2021-03-15T11:00:10.426] [DEBUG] cheese - null
[2021-03-15T11:00:10.631] [DEBUG] cheese - null
[2021-03-15T11:00:11.120] [DEBUG] cheese - null
[2021-03-15T11:00:11.875] [DEBUG] cheese - null
[2021-03-15T11:01:45.521] [DEBUG] cheese - null
[2021-03-15T11:03:05.571] [DEBUG] cheese - null
[2021-03-15T11:03:30.789] [DEBUG] cheese - null
[2021-03-15T11:04:25.630] [DEBUG] cheese - null
[2021-03-15T11:04:26.573] [DEBUG] cheese - null
[2021-03-15T11:04:26.771] [DEBUG] cheese - null
[2021-03-15T11:04:26.939] [DEBUG] cheese - null
[2021-03-15T11:04:27.095] [DEBUG] cheese - null
[2021-03-15T11:09:23.410] [DEBUG] cheese - null
[2021-03-15T11:09:26.599] [DEBUG] cheese - null
[2021-03-15T11:09:42.531] [DEBUG] cheese - null
[2021-03-15T11:09:43.100] [DEBUG] cheese - null
[2021-03-15T11:09:43.292] [DEBUG] cheese - null
[2021-03-15T11:09:43.448] [DEBUG] cheese - null
[2021-03-15T13:38:23.171] [DEBUG] cheese - login => username:admin,password:123456
[2021-03-15T13:38:23.174] [DEBUG] cheese - admin
[2021-03-15T13:38:23.236] [DEBUG] cheese - null
[2021-03-15T13:38:23.237] [DEBUG] cheese - null
[2021-03-15T14:27:34.826] [DEBUG] cheese - null
[2021-03-15T14:27:49.037] [DEBUG] cheese - null
[2021-03-15T14:27:56.336] [DEBUG] cheese - null
[2021-03-15T14:37:30.091] [DEBUG] cheese - null
[2021-03-15T14:43:11.461] [DEBUG] cheese - null
[2021-03-15T15:01:58.946] [DEBUG] cheese - login => username:admin,password:123456
[2021-03-15T15:01:58.950] [DEBUG] cheese - admin
[2021-03-15T15:01:58.956] [DEBUG] cheese - null
[2021-03-15T15:01:58.956] [DEBUG] cheese - null
[2021-04-07T19:42:02.034] [DEBUG] cheese - login => username:admin,password:123456
[2021-04-07T19:42:02.035] [DEBUG] cheese - admin
[2021-04-07T19:42:02.183] [DEBUG] cheese - null
[2021-04-07T19:42:02.184] [DEBUG] cheese - null
[2021-04-07T19:43:23.027] [DEBUG] cheese - login => username:admin,password:123456
[2021-04-07T19:43:23.027] [DEBUG] cheese - admin
[2021-04-07T19:43:23.030] [DEBUG] cheese - null
[2021-04-07T19:43:23.030] [DEBUG] cheese - null
[2021-04-07T19:43:32.659] [DEBUG] cheese - login => username:admin,password:123456
[2021-04-07T19:43:32.660] [DEBUG] cheese - admin
[2021-04-07T19:43:32.662] [DEBUG] cheese - null
[2021-04-07T19:43:32.663] [DEBUG] cheese - null
[2021-04-07T19:45:10.767] [DEBUG] cheese - login => username:test,password:123456
[2021-04-07T19:45:10.767] [DEBUG] cheese - test
[2021-04-07T19:45:10.769] [DEBUG] cheese - null
[2021-04-07T19:45:10.769] [DEBUG] cheese - null
[2021-04-07T19:45:11.761] [DEBUG] cheese - login => username:test,password:123456
[2021-04-07T19:45:11.761] [DEBUG] cheese - test
[2021-04-07T19:45:11.763] [DEBUG] cheese - null
[2021-04-07T19:45:11.763] [DEBUG] cheese - null
[2021-04-07T19:45:16.443] [DEBUG] cheese - login => username:admin,password:123456
[2021-04-07T19:45:16.444] [DEBUG] cheese - admin
[2021-04-07T19:45:16.446] [DEBUG] cheese - null
[2021-04-07T19:45:16.446] [DEBUG] cheese - null
[2021-04-07T19:46:06.986] [DEBUG] cheese - login => username:admin,password:123456
[2021-04-07T19:46:06.986] [DEBUG] cheese - admin
[2021-04-07T19:46:06.988] [DEBUG] cheese - null
[2021-04-07T19:46:06.989] [DEBUG] cheese - null
[2021-04-07T19:46:16.481] [DEBUG] cheese - login => username:test,password:123456
[2021-04-07T19:46:16.482] [DEBUG] cheese - test
[2021-04-07T19:46:16.484] [DEBUG] cheese - null
[2021-04-07T19:46:16.484] [DEBUG] cheese - null
[2021-04-07T19:46:17.325] [DEBUG] cheese - login => username:test,password:123456
[2021-04-07T19:46:17.325] [DEBUG] cheese - test
[2021-04-07T19:46:17.327] [DEBUG] cheese - null
[2021-04-07T19:46:17.327] [DEBUG] cheese - null
[2021-04-07T19:46:17.560] [DEBUG] cheese - login => username:test,password:123456
[2021-04-07T19:46:17.560] [DEBUG] cheese - test
[2021-04-07T19:46:17.562] [DEBUG] cheese - null
[2021-04-07T19:46:17.562] [DEBUG] cheese - null
[2021-04-07T19:46:17.768] [DEBUG] cheese - login => username:test,password:123456
[2021-04-07T19:46:17.768] [DEBUG] cheese - test
[2021-04-07T19:46:17.771] [DEBUG] cheese - null
[2021-04-07T19:46:17.772] [DEBUG] cheese - null
[2021-04-07T19:46:17.984] [DEBUG] cheese - login => username:test,password:123456
[2021-04-07T19:46:17.984] [DEBUG] cheese - test
[2021-04-07T19:46:17.987] [DEBUG] cheese - null
[2021-04-07T19:46:17.987] [DEBUG] cheese - null
[2021-04-07T19:46:18.187] [DEBUG] cheese - login => username:test,password:123456
[2021-04-07T19:46:18.187] [DEBUG] cheese - test
[2021-04-07T19:46:18.189] [DEBUG] cheese - null
[2021-04-07T19:46:18.189] [DEBUG] cheese - null
[2021-04-07T19:46:27.446] [DEBUG] cheese - login => username:test,password:123456
[2021-04-07T19:46:27.446] [DEBUG] cheese - test
[2021-04-07T19:46:27.449] [DEBUG] cheese - null
[2021-04-07T19:46:27.449] [DEBUG] cheese - null
[2021-04-07T19:46:28.757] [DEBUG] cheese - login => username:admin,password:123456
[2021-04-07T19:46:28.757] [DEBUG] cheese - admin
[2021-04-07T19:46:28.759] [DEBUG] cheese - null
[2021-04-07T19:46:28.760] [DEBUG] cheese - null
[2021-04-07T19:47:04.470] [DEBUG] cheese - login => username:test,password:123456
[2021-04-07T19:47:04.470] [DEBUG] cheese - test
[2021-04-07T19:47:04.472] [DEBUG] cheese - null
[2021-04-07T19:47:04.472] [DEBUG] cheese - null
[2021-04-07T19:47:04.617] [DEBUG] cheese - null
[2021-04-07T19:47:04.618] [DEBUG] cheese - null
[2021-04-09T14:47:15.840] [DEBUG] cheese - login => username:admin,password:123456
[2021-04-09T14:47:15.841] [DEBUG] cheese - admin
[2021-04-09T14:47:15.895] [DEBUG] cheese - null
[2021-04-09T14:47:15.895] [DEBUG] cheese - null
[2021-04-09T15:23:08.861] [DEBUG] cheese - login => username:admin,password:123456
[2021-04-09T15:23:08.867] [DEBUG] cheese - admin
[2021-04-09T15:23:08.871] [DEBUG] cheese - null
[2021-04-09T15:23:08.872] [DEBUG] cheese - null
[2021-04-09T19:16:50.575] [DEBUG] cheese - login => username:admin,password:123456
[2021-04-09T19:16:50.577] [DEBUG] cheese - admin
[2021-04-09T19:16:50.595] [DEBUG] cheese - null
[2021-04-09T19:16:50.595] [DEBUG] cheese - null
[2021-04-27T16:53:34.080] [DEBUG] cheese - login => username:admin,password:123456
[2021-04-27T16:53:34.081] [DEBUG] cheese - admin
[2021-04-27T16:53:34.152] [DEBUG] cheese - null
[2021-04-27T16:53:34.152] [DEBUG] cheese - null
[2021-04-27T16:54:37.677] [DEBUG] cheese - login => username:admin,password:123456
[2021-04-27T16:54:37.678] [DEBUG] cheese - admin
[2021-04-27T16:54:37.682] [DEBUG] cheese - null
[2021-04-27T16:54:37.683] [DEBUG] cheese - null
[2021-04-27T17:04:37.047] [DEBUG] cheese - login => username:admin,password:123456
[2021-04-27T17:04:37.048] [DEBUG] cheese - admin
[2021-04-27T17:04:37.051] [DEBUG] cheese - null
[2021-04-27T17:04:37.051] [DEBUG] cheese - null
[2021-04-27T18:44:54.657] [DEBUG] cheese - login => username:admin,password:123456
[2021-04-27T18:44:54.659] [DEBUG] cheese - admin
[2021-04-27T18:44:54.669] [DEBUG] cheese - null
[2021-04-27T18:44:54.669] [DEBUG] cheese - null
[2021-04-27T22:57:36.287] [DEBUG] cheese - login => username:admin,password:123456
[2021-04-27T22:57:36.291] [DEBUG] cheese - admin
[2021-04-27T22:57:36.303] [DEBUG] cheese - null
[2021-04-27T22:57:36.303] [DEBUG] cheese - null
[2021-04-27T23:11:13.199] [DEBUG] cheese - login => username:admin,password:123456
[2021-04-27T23:11:13.199] [DEBUG] cheese - admin
[2021-04-27T23:11:13.217] [DEBUG] cheese - null
[2021-04-27T23:11:13.217] [DEBUG] cheese - null
[2021-04-27T23:55:03.988] [DEBUG] cheese - login => username:admin,password:123456
[2021-04-27T23:55:03.990] [DEBUG] cheese - admin
[2021-04-27T23:55:04.002] [DEBUG] cheese - null
[2021-04-27T23:55:04.003] [DEBUG] cheese - null
