[2022-03-29T18:11:56.348] [DEBUG] user - Executing (default): SELECT 1+1 AS result
[2022-03-29T18:11:56.348] [DEBUG] user - Executing (default): CREATE TABLE IF NOT EXISTS `user_infos` (`id` INTEGER auto_increment , `nickname` VARCHAR(255) NOT NULL, `password` VARCHAR(255) NOT NULL, `status` TINYINT(1) DEFAULT false, `address` VARCHAR(255), `tel` VARCHAR(255), `createdAt` DATETIME NOT NULL, `updatedAt` DATETIME NOT NULL, PRIMARY KEY (`id`)) ENGINE=InnoDB;
[2022-03-29T18:11:56.352] [DEBUG] user - Executing (default): SHOW INDEX FROM `user_infos`
[2022-03-29T18:12:03.951] [DEBUG] user - Executing (default): SELECT 1+1 AS result
[2022-03-29T18:12:03.952] [DEBUG] user - Executing (default): CREATE TABLE IF NOT EXISTS `user_infos` (`id` INTEGER auto_increment , `nickname` VARCHAR(255) NOT NULL, `password` VARCHAR(255) NOT NULL, `status` TINYINT(1) DEFAULT false, `address` VARCHAR(255), `tel` VARCHAR(255), `createdAt` DATETIME NOT NULL, `updatedAt` DATETIME NOT NULL, PRIMARY KEY (`id`)) ENGINE=InnoDB;
[2022-03-29T18:12:03.956] [DEBUG] user - Executing (default): SHOW INDEX FROM `user_infos`
[2022-03-29T18:12:11.811] [DEBUG] user - Executing (default): SELECT 1+1 AS result
[2022-03-29T18:12:11.812] [DEBUG] user - Executing (default): CREATE TABLE IF NOT EXISTS `user_infos` (`id` INTEGER auto_increment , `nickname` VARCHAR(255) NOT NULL, `password` VARCHAR(255) NOT NULL, `status` TINYINT(1) DEFAULT false, `address` VARCHAR(255), `tel` VARCHAR(255), `createdAt` DATETIME NOT NULL, `updatedAt` DATETIME NOT NULL, PRIMARY KEY (`id`)) ENGINE=InnoDB;
[2022-03-29T18:12:11.815] [DEBUG] user - Executing (default): SHOW INDEX FROM `user_infos`
[2022-03-29T18:12:16.391] [DEBUG] user - Executing (default): SELECT 1+1 AS result
[2022-03-29T18:12:16.392] [DEBUG] user - Executing (default): CREATE TABLE IF NOT EXISTS `user_infos` (`id` INTEGER auto_increment , `nickname` VARCHAR(255) NOT NULL, `password` VARCHAR(255) NOT NULL, `status` TINYINT(1) DEFAULT false, `address` VARCHAR(255), `tel` VARCHAR(255), `createdAt` DATETIME NOT NULL, `updatedAt` DATETIME NOT NULL, PRIMARY KEY (`id`)) ENGINE=InnoDB;
[2022-03-29T18:12:16.395] [DEBUG] user - Executing (default): SHOW INDEX FROM `user_infos`
[2022-03-29T18:12:18.703] [DEBUG] user - Executing (default): SELECT 1+1 AS result
[2022-03-29T18:12:18.703] [DEBUG] user - Executing (default): CREATE TABLE IF NOT EXISTS `user_infos` (`id` INTEGER auto_increment , `nickname` VARCHAR(255) NOT NULL, `password` VARCHAR(255) NOT NULL, `status` TINYINT(1) DEFAULT false, `address` VARCHAR(255), `tel` VARCHAR(255), `createdAt` DATETIME NOT NULL, `updatedAt` DATETIME NOT NULL, PRIMARY KEY (`id`)) ENGINE=InnoDB;
[2022-03-29T18:12:18.707] [DEBUG] user - Executing (default): SHOW INDEX FROM `user_infos`
[2022-03-29T18:12:42.680] [DEBUG] user - Executing (default): INSERT INTO `user_infos` (`id`,`nickname`,`password`,`status`,`address`,`createdAt`,`updatedAt`) VALUES (DEFAULT,?,?,?,?,?,?); "chou", "123", false, "Hangzhou", "2022-03-29 18:12:42", "2022-03-29 18:12:42"
[2022-03-29T18:13:36.395] [DEBUG] user - Executing (default): SELECT 1+1 AS result
[2022-03-29T18:13:36.395] [DEBUG] user - Executing (default): CREATE TABLE IF NOT EXISTS `user_infos` (`id` INTEGER auto_increment , `nickname` VARCHAR(255) NOT NULL, `password` VARCHAR(255) NOT NULL, `status` TINYINT(1) DEFAULT false, `address` VARCHAR(255), `tel` VARCHAR(255), `createdAt` DATETIME NOT NULL, `updatedAt` DATETIME NOT NULL, PRIMARY KEY (`id`)) ENGINE=InnoDB;
[2022-03-29T18:13:36.399] [DEBUG] user - Executing (default): SHOW INDEX FROM `user_infos`
[2022-03-29T18:13:38.285] [DEBUG] user - Executing (default): SELECT 1+1 AS result
[2022-03-29T18:13:38.285] [DEBUG] user - Executing (default): CREATE TABLE IF NOT EXISTS `user_infos` (`id` INTEGER auto_increment , `nickname` VARCHAR(255) NOT NULL, `password` VARCHAR(255) NOT NULL, `status` TINYINT(1) DEFAULT false, `address` VARCHAR(255), `tel` VARCHAR(255), `createdAt` DATETIME NOT NULL, `updatedAt` DATETIME NOT NULL, PRIMARY KEY (`id`)) ENGINE=InnoDB;
[2022-03-29T18:13:38.288] [DEBUG] user - Executing (default): SHOW INDEX FROM `user_infos`
[2022-03-29T18:13:39.965] [DEBUG] user - Executing (default): SELECT 1+1 AS result
[2022-03-29T18:13:39.966] [DEBUG] user - Executing (default): CREATE TABLE IF NOT EXISTS `user_infos` (`id` INTEGER auto_increment , `nickname` VARCHAR(255) NOT NULL, `password` VARCHAR(255) NOT NULL, `status` TINYINT(1) DEFAULT false, `address` VARCHAR(255), `tel` VARCHAR(255), `createdAt` DATETIME NOT NULL, `updatedAt` DATETIME NOT NULL, PRIMARY KEY (`id`)) ENGINE=InnoDB;
[2022-03-29T18:13:39.969] [DEBUG] user - Executing (default): SHOW INDEX FROM `user_infos`
[2022-03-29T18:13:42.464] [DEBUG] user - Executing (default): SELECT 1+1 AS result
[2022-03-29T18:13:42.465] [DEBUG] user - Executing (default): CREATE TABLE IF NOT EXISTS `user_infos` (`id` INTEGER auto_increment , `nickname` VARCHAR(255) NOT NULL, `password` VARCHAR(255) NOT NULL, `status` TINYINT(1) DEFAULT false, `address` VARCHAR(255), `tel` VARCHAR(255), `createdAt` DATETIME NOT NULL, `updatedAt` DATETIME NOT NULL, PRIMARY KEY (`id`)) ENGINE=InnoDB;
[2022-03-29T18:13:42.469] [DEBUG] user - Executing (default): SHOW INDEX FROM `user_infos`
[2022-03-29T18:13:48.271] [DEBUG] user - Executing (default): SELECT 1+1 AS result
[2022-03-29T18:13:48.272] [DEBUG] user - Executing (default): CREATE TABLE IF NOT EXISTS `user_infos` (`id` INTEGER auto_increment , `nickname` VARCHAR(255) NOT NULL, `password` VARCHAR(255) NOT NULL, `status` TINYINT(1) DEFAULT false, `address` VARCHAR(255), `tel` VARCHAR(255), `createdAt` DATETIME NOT NULL, `updatedAt` DATETIME NOT NULL, PRIMARY KEY (`id`)) ENGINE=InnoDB;
[2022-03-29T18:13:48.275] [DEBUG] user - Executing (default): SHOW INDEX FROM `user_infos`
[2022-03-29T18:13:50.742] [DEBUG] user - Executing (default): SELECT 1+1 AS result
[2022-03-29T18:13:50.743] [DEBUG] user - Executing (default): CREATE TABLE IF NOT EXISTS `user_infos` (`id` INTEGER auto_increment , `nickname` VARCHAR(255) NOT NULL, `password` VARCHAR(255) NOT NULL, `status` TINYINT(1) DEFAULT false, `address` VARCHAR(255), `tel` VARCHAR(255), `createdAt` DATETIME NOT NULL, `updatedAt` DATETIME NOT NULL, PRIMARY KEY (`id`)) ENGINE=InnoDB;
[2022-03-29T18:13:50.746] [DEBUG] user - Executing (default): SHOW INDEX FROM `user_infos`
[2022-03-29T18:13:59.773] [DEBUG] user - Executing (default): SELECT 1+1 AS result
[2022-03-29T18:13:59.773] [DEBUG] user - Executing (default): CREATE TABLE IF NOT EXISTS `user_infos` (`id` INTEGER auto_increment , `nickname` VARCHAR(255) NOT NULL, `password` VARCHAR(255) NOT NULL, `status` TINYINT(1) DEFAULT false, `address` VARCHAR(255), `tel` VARCHAR(255), `createdAt` DATETIME NOT NULL, `updatedAt` DATETIME NOT NULL, PRIMARY KEY (`id`)) ENGINE=InnoDB;
[2022-03-29T18:13:59.777] [DEBUG] user - Executing (default): SHOW INDEX FROM `user_infos`
[2022-03-29T18:15:19.117] [DEBUG] user - Executing (default): SELECT 1+1 AS result
[2022-03-29T18:15:19.118] [DEBUG] user - Executing (default): CREATE TABLE IF NOT EXISTS `user_infos` (`id` INTEGER auto_increment , `nickname` VARCHAR(255) NOT NULL, `password` VARCHAR(255) NOT NULL, `status` TINYINT(1) DEFAULT false, `address` VARCHAR(255), `tel` VARCHAR(255), `createdAt` DATETIME NOT NULL, `updatedAt` DATETIME NOT NULL, PRIMARY KEY (`id`)) ENGINE=InnoDB;
[2022-03-29T18:15:19.121] [DEBUG] user - Executing (default): SHOW INDEX FROM `user_infos`
[2022-03-29T18:15:20.603] [DEBUG] user - Executing (default): SELECT 1+1 AS result
[2022-03-29T18:15:20.604] [DEBUG] user - Executing (default): CREATE TABLE IF NOT EXISTS `user_infos` (`id` INTEGER auto_increment , `nickname` VARCHAR(255) NOT NULL, `password` VARCHAR(255) NOT NULL, `status` TINYINT(1) DEFAULT false, `address` VARCHAR(255), `tel` VARCHAR(255), `createdAt` DATETIME NOT NULL, `updatedAt` DATETIME NOT NULL, PRIMARY KEY (`id`)) ENGINE=InnoDB;
[2022-03-29T18:15:20.607] [DEBUG] user - Executing (default): SHOW INDEX FROM `user_infos`
[2022-03-29T18:15:23.732] [DEBUG] user - Executing (default): SELECT 1+1 AS result
[2022-03-29T18:15:23.732] [DEBUG] user - Executing (default): CREATE TABLE IF NOT EXISTS `user_infos` (`id` INTEGER auto_increment , `nickname` VARCHAR(255) NOT NULL, `password` VARCHAR(255) NOT NULL, `status` TINYINT(1) DEFAULT false, `address` VARCHAR(255), `tel` VARCHAR(255), `createdAt` DATETIME NOT NULL, `updatedAt` DATETIME NOT NULL, PRIMARY KEY (`id`)) ENGINE=InnoDB;
[2022-03-29T18:15:23.736] [DEBUG] user - Executing (default): SHOW INDEX FROM `user_infos`
[2022-03-29T18:15:26.469] [DEBUG] user - Executing (default): SELECT 1+1 AS result
[2022-03-29T18:15:26.470] [DEBUG] user - Executing (default): CREATE TABLE IF NOT EXISTS `user_infos` (`id` INTEGER auto_increment , `nickname` VARCHAR(255) NOT NULL, `password` VARCHAR(255) NOT NULL, `status` TINYINT(1) DEFAULT false, `address` VARCHAR(255), `tel` VARCHAR(255), `createdAt` DATETIME NOT NULL, `updatedAt` DATETIME NOT NULL, PRIMARY KEY (`id`)) ENGINE=InnoDB;
[2022-03-29T18:15:26.474] [DEBUG] user - Executing (default): SHOW INDEX FROM `user_infos`
[2022-03-29T18:15:35.108] [DEBUG] user - Executing (default): SELECT 1+1 AS result
[2022-03-29T18:15:35.109] [DEBUG] user - Executing (default): CREATE TABLE IF NOT EXISTS `user_infos` (`id` INTEGER auto_increment , `nickname` VARCHAR(255) NOT NULL, `password` VARCHAR(255) NOT NULL, `status` TINYINT(1) DEFAULT false, `address` VARCHAR(255), `tel` VARCHAR(255), `createdAt` DATETIME NOT NULL, `updatedAt` DATETIME NOT NULL, PRIMARY KEY (`id`)) ENGINE=InnoDB;
[2022-03-29T18:15:35.113] [DEBUG] user - Executing (default): SHOW INDEX FROM `user_infos`
[2022-03-29T18:15:36.913] [DEBUG] user - Executing (default): SELECT 1+1 AS result
[2022-03-29T18:15:36.913] [DEBUG] user - Executing (default): CREATE TABLE IF NOT EXISTS `user_infos` (`id` INTEGER auto_increment , `nickname` VARCHAR(255) NOT NULL, `password` VARCHAR(255) NOT NULL, `status` TINYINT(1) DEFAULT false, `address` VARCHAR(255), `tel` VARCHAR(255), `createdAt` DATETIME NOT NULL, `updatedAt` DATETIME NOT NULL, PRIMARY KEY (`id`)) ENGINE=InnoDB;
[2022-03-29T18:15:36.916] [DEBUG] user - Executing (default): SHOW INDEX FROM `user_infos`
[2022-03-29T18:15:55.969] [DEBUG] user - Executing (default): SELECT 1+1 AS result
[2022-03-29T18:15:55.970] [DEBUG] user - Executing (default): CREATE TABLE IF NOT EXISTS `user_infos` (`id` INTEGER auto_increment , `nickname` VARCHAR(255) NOT NULL, `password` VARCHAR(255) NOT NULL, `status` TINYINT(1) DEFAULT false, `address` VARCHAR(255), `tel` VARCHAR(255), `createdAt` DATETIME NOT NULL, `updatedAt` DATETIME NOT NULL, PRIMARY KEY (`id`)) ENGINE=InnoDB;
[2022-03-29T18:15:55.973] [DEBUG] user - Executing (default): SHOW INDEX FROM `user_infos`
[2022-03-29T18:15:56.725] [DEBUG] user - Executing (default): SELECT 1+1 AS result
[2022-03-29T18:15:56.726] [DEBUG] user - Executing (default): CREATE TABLE IF NOT EXISTS `user_infos` (`id` INTEGER auto_increment , `nickname` VARCHAR(255) NOT NULL, `password` VARCHAR(255) NOT NULL, `status` TINYINT(1) DEFAULT false, `address` VARCHAR(255), `tel` VARCHAR(255), `createdAt` DATETIME NOT NULL, `updatedAt` DATETIME NOT NULL, PRIMARY KEY (`id`)) ENGINE=InnoDB;
[2022-03-29T18:15:56.730] [DEBUG] user - Executing (default): SHOW INDEX FROM `user_infos`
[2022-03-29T18:15:58.335] [DEBUG] user - Executing (default): SELECT 1+1 AS result
[2022-03-29T18:15:58.336] [DEBUG] user - Executing (default): CREATE TABLE IF NOT EXISTS `user_infos` (`id` INTEGER auto_increment , `nickname` VARCHAR(255) NOT NULL, `password` VARCHAR(255) NOT NULL, `status` TINYINT(1) DEFAULT false, `address` VARCHAR(255), `tel` VARCHAR(255), `createdAt` DATETIME NOT NULL, `updatedAt` DATETIME NOT NULL, PRIMARY KEY (`id`)) ENGINE=InnoDB;
[2022-03-29T18:15:58.343] [DEBUG] user - Executing (default): SHOW INDEX FROM `user_infos`
[2022-03-29T18:16:05.861] [DEBUG] user - Executing (default): SELECT 1+1 AS result
[2022-03-29T18:16:05.862] [DEBUG] user - Executing (default): CREATE TABLE IF NOT EXISTS `user_infos` (`id` INTEGER auto_increment , `nickname` VARCHAR(255) NOT NULL, `password` VARCHAR(255) NOT NULL, `status` TINYINT(1) DEFAULT false, `address` VARCHAR(255), `tel` VARCHAR(255), `createdAt` DATETIME NOT NULL, `updatedAt` DATETIME NOT NULL, PRIMARY KEY (`id`)) ENGINE=InnoDB;
[2022-03-29T18:16:05.866] [DEBUG] user - Executing (default): SHOW INDEX FROM `user_infos`
[2022-03-29T18:16:07.869] [DEBUG] user - Executing (default): SELECT 1+1 AS result
[2022-03-29T18:16:07.870] [DEBUG] user - Executing (default): CREATE TABLE IF NOT EXISTS `user_infos` (`id` INTEGER auto_increment , `nickname` VARCHAR(255) NOT NULL, `password` VARCHAR(255) NOT NULL, `status` TINYINT(1) DEFAULT false, `address` VARCHAR(255), `tel` VARCHAR(255), `createdAt` DATETIME NOT NULL, `updatedAt` DATETIME NOT NULL, PRIMARY KEY (`id`)) ENGINE=InnoDB;
[2022-03-29T18:16:07.873] [DEBUG] user - Executing (default): SHOW INDEX FROM `user_infos`
[2022-03-29T18:16:10.609] [DEBUG] user - Executing (default): SELECT 1+1 AS result
[2022-03-29T18:16:10.610] [DEBUG] user - Executing (default): CREATE TABLE IF NOT EXISTS `user_infos` (`id` INTEGER auto_increment , `nickname` VARCHAR(255) NOT NULL, `password` VARCHAR(255) NOT NULL, `status` TINYINT(1) DEFAULT false, `address` VARCHAR(255), `tel` VARCHAR(255), `createdAt` DATETIME NOT NULL, `updatedAt` DATETIME NOT NULL, PRIMARY KEY (`id`)) ENGINE=InnoDB;
[2022-03-29T18:16:10.613] [DEBUG] user - Executing (default): SHOW INDEX FROM `user_infos`
[2022-03-29T18:16:13.852] [DEBUG] user - Executing (default): SELECT 1+1 AS result
[2022-03-29T18:16:13.853] [DEBUG] user - Executing (default): CREATE TABLE IF NOT EXISTS `user_infos` (`id` INTEGER auto_increment , `nickname` VARCHAR(255) NOT NULL, `password` VARCHAR(255) NOT NULL, `status` TINYINT(1) DEFAULT false, `address` VARCHAR(255), `tel` VARCHAR(255), `createdAt` DATETIME NOT NULL, `updatedAt` DATETIME NOT NULL, PRIMARY KEY (`id`)) ENGINE=InnoDB;
[2022-03-29T18:16:13.856] [DEBUG] user - Executing (default): SHOW INDEX FROM `user_infos`
[2022-03-29T18:16:15.022] [DEBUG] user - Executing (default): SELECT 1+1 AS result
[2022-03-29T18:16:15.023] [DEBUG] user - Executing (default): CREATE TABLE IF NOT EXISTS `user_infos` (`id` INTEGER auto_increment , `nickname` VARCHAR(255) NOT NULL, `password` VARCHAR(255) NOT NULL, `status` TINYINT(1) DEFAULT false, `address` VARCHAR(255), `tel` VARCHAR(255), `createdAt` DATETIME NOT NULL, `updatedAt` DATETIME NOT NULL, PRIMARY KEY (`id`)) ENGINE=InnoDB;
[2022-03-29T18:16:15.026] [DEBUG] user - Executing (default): SHOW INDEX FROM `user_infos`
[2022-03-29T18:16:19.649] [DEBUG] user - Executing (default): SELECT 1+1 AS result
[2022-03-29T18:16:19.649] [DEBUG] user - Executing (default): CREATE TABLE IF NOT EXISTS `user_infos` (`id` INTEGER auto_increment , `nickname` VARCHAR(255) NOT NULL, `password` VARCHAR(255) NOT NULL, `status` TINYINT(1) DEFAULT false, `address` VARCHAR(255), `tel` VARCHAR(255), `createdAt` DATETIME NOT NULL, `updatedAt` DATETIME NOT NULL, PRIMARY KEY (`id`)) ENGINE=InnoDB;
[2022-03-29T18:16:19.653] [DEBUG] user - Executing (default): SHOW INDEX FROM `user_infos`
[2022-03-29T18:16:24.306] [DEBUG] user - Executing (default): SELECT 1+1 AS result
[2022-03-29T18:16:24.307] [DEBUG] user - Executing (default): CREATE TABLE IF NOT EXISTS `user_infos` (`id` INTEGER auto_increment , `nickname` VARCHAR(255) NOT NULL, `password` VARCHAR(255) NOT NULL, `status` TINYINT(1) DEFAULT false, `address` VARCHAR(255), `tel` VARCHAR(255), `createdAt` DATETIME NOT NULL, `updatedAt` DATETIME NOT NULL, PRIMARY KEY (`id`)) ENGINE=InnoDB;
[2022-03-29T18:16:24.310] [DEBUG] user - Executing (default): SHOW INDEX FROM `user_infos`
[2022-03-29T18:16:28.216] [DEBUG] user - Executing (default): SELECT 1+1 AS result
[2022-03-29T18:16:28.217] [DEBUG] user - Executing (default): CREATE TABLE IF NOT EXISTS `user_infos` (`id` INTEGER auto_increment , `nickname` VARCHAR(255) NOT NULL, `password` VARCHAR(255) NOT NULL, `status` TINYINT(1) DEFAULT false, `address` VARCHAR(255), `tel` VARCHAR(255), `createdAt` DATETIME NOT NULL, `updatedAt` DATETIME NOT NULL, PRIMARY KEY (`id`)) ENGINE=InnoDB;
[2022-03-29T18:16:28.225] [DEBUG] user - Executing (default): SHOW INDEX FROM `user_infos`
[2022-03-29T18:16:30.398] [DEBUG] user - Executing (default): SELECT 1+1 AS result
[2022-03-29T18:16:30.399] [DEBUG] user - Executing (default): CREATE TABLE IF NOT EXISTS `user_infos` (`id` INTEGER auto_increment , `nickname` VARCHAR(255) NOT NULL, `password` VARCHAR(255) NOT NULL, `status` TINYINT(1) DEFAULT false, `address` VARCHAR(255), `tel` VARCHAR(255), `createdAt` DATETIME NOT NULL, `updatedAt` DATETIME NOT NULL, PRIMARY KEY (`id`)) ENGINE=InnoDB;
[2022-03-29T18:16:30.403] [DEBUG] user - Executing (default): SHOW INDEX FROM `user_infos`
[2022-03-29T18:16:33.857] [DEBUG] user - Executing (default): SELECT 1+1 AS result
[2022-03-29T18:16:33.857] [DEBUG] user - Executing (default): CREATE TABLE IF NOT EXISTS `user_infos` (`id` INTEGER auto_increment , `nickname` VARCHAR(255) NOT NULL, `password` VARCHAR(255) NOT NULL, `status` TINYINT(1) DEFAULT false, `address` VARCHAR(255), `tel` VARCHAR(255), `createdAt` DATETIME NOT NULL, `updatedAt` DATETIME NOT NULL, PRIMARY KEY (`id`)) ENGINE=InnoDB;
[2022-03-29T18:16:33.860] [DEBUG] user - Executing (default): SHOW INDEX FROM `user_infos`
[2022-03-29T18:16:40.443] [DEBUG] user - Executing (default): SELECT 1+1 AS result
[2022-03-29T18:16:40.444] [DEBUG] user - Executing (default): CREATE TABLE IF NOT EXISTS `user_infos` (`id` INTEGER auto_increment , `nickname` VARCHAR(255) NOT NULL, `password` VARCHAR(255) NOT NULL, `status` TINYINT(1) DEFAULT false, `address` VARCHAR(255), `tel` VARCHAR(255), `createdAt` DATETIME NOT NULL, `updatedAt` DATETIME NOT NULL, PRIMARY KEY (`id`)) ENGINE=InnoDB;
[2022-03-29T18:16:40.447] [DEBUG] user - Executing (default): SHOW INDEX FROM `user_infos`
[2022-03-29T18:16:55.287] [DEBUG] user - Executing (default): SELECT 1+1 AS result
[2022-03-29T18:16:55.288] [DEBUG] user - Executing (default): CREATE TABLE IF NOT EXISTS `user_infos` (`id` INTEGER auto_increment , `nickname` VARCHAR(255) NOT NULL, `password` VARCHAR(255) NOT NULL, `status` TINYINT(1) DEFAULT false, `address` VARCHAR(255), `tel` VARCHAR(255), `createdAt` DATETIME NOT NULL, `updatedAt` DATETIME NOT NULL, PRIMARY KEY (`id`)) ENGINE=InnoDB;
[2022-03-29T18:16:55.292] [DEBUG] user - Executing (default): SHOW INDEX FROM `user_infos`
[2022-03-29T18:16:57.791] [DEBUG] user - Executing (default): SELECT 1+1 AS result
[2022-03-29T18:16:57.792] [DEBUG] user - Executing (default): CREATE TABLE IF NOT EXISTS `user_infos` (`id` INTEGER auto_increment , `nickname` VARCHAR(255) NOT NULL, `password` VARCHAR(255) NOT NULL, `status` TINYINT(1) DEFAULT false, `address` VARCHAR(255), `tel` VARCHAR(255), `createdAt` DATETIME NOT NULL, `updatedAt` DATETIME NOT NULL, PRIMARY KEY (`id`)) ENGINE=InnoDB;
[2022-03-29T18:16:57.795] [DEBUG] user - Executing (default): SHOW INDEX FROM `user_infos`
[2022-03-29T18:17:01.692] [DEBUG] user - Executing (default): SELECT 1+1 AS result
[2022-03-29T18:17:01.693] [DEBUG] user - Executing (default): CREATE TABLE IF NOT EXISTS `user_infos` (`id` INTEGER auto_increment , `nickname` VARCHAR(255) NOT NULL, `password` VARCHAR(255) NOT NULL, `status` TINYINT(1) DEFAULT false, `address` VARCHAR(255), `tel` VARCHAR(255), `createdAt` DATETIME NOT NULL, `updatedAt` DATETIME NOT NULL, PRIMARY KEY (`id`)) ENGINE=InnoDB;
[2022-03-29T18:17:01.696] [DEBUG] user - Executing (default): SHOW INDEX FROM `user_infos`
[2022-03-29T18:17:04.284] [DEBUG] user - Executing (default): SELECT 1+1 AS result
[2022-03-29T18:17:04.284] [DEBUG] user - Executing (default): CREATE TABLE IF NOT EXISTS `user_infos` (`id` INTEGER auto_increment , `nickname` VARCHAR(255) NOT NULL, `password` VARCHAR(255) NOT NULL, `status` TINYINT(1) DEFAULT false, `address` VARCHAR(255), `tel` VARCHAR(255), `createdAt` DATETIME NOT NULL, `updatedAt` DATETIME NOT NULL, PRIMARY KEY (`id`)) ENGINE=InnoDB;
[2022-03-29T18:17:04.288] [DEBUG] user - Executing (default): SHOW INDEX FROM `user_infos`
[2022-03-29T18:17:16.839] [DEBUG] user - Executing (default): SELECT 1+1 AS result
[2022-03-29T18:17:16.840] [DEBUG] user - Executing (default): CREATE TABLE IF NOT EXISTS `user_infos` (`id` INTEGER auto_increment , `nickname` VARCHAR(255) NOT NULL, `password` VARCHAR(255) NOT NULL, `status` TINYINT(1) DEFAULT false, `address` VARCHAR(255), `tel` VARCHAR(255), `createdAt` DATETIME NOT NULL, `updatedAt` DATETIME NOT NULL, PRIMARY KEY (`id`)) ENGINE=InnoDB;
[2022-03-29T18:17:16.844] [DEBUG] user - Executing (default): SHOW INDEX FROM `user_infos`
[2022-03-29T18:17:19.472] [DEBUG] user - Executing (default): SELECT 1+1 AS result
[2022-03-29T18:17:19.473] [DEBUG] user - Executing (default): CREATE TABLE IF NOT EXISTS `user_infos` (`id` INTEGER auto_increment , `nickname` VARCHAR(255) NOT NULL, `password` VARCHAR(255) NOT NULL, `status` TINYINT(1) DEFAULT false, `address` VARCHAR(255), `tel` VARCHAR(255), `createdAt` DATETIME NOT NULL, `updatedAt` DATETIME NOT NULL, PRIMARY KEY (`id`)) ENGINE=InnoDB;
[2022-03-29T18:17:19.476] [DEBUG] user - Executing (default): SHOW INDEX FROM `user_infos`
[2022-03-29T18:17:24.079] [DEBUG] user - Executing (default): SELECT 1+1 AS result
[2022-03-29T18:17:24.079] [DEBUG] user - Executing (default): CREATE TABLE IF NOT EXISTS `user_infos` (`id` INTEGER auto_increment , `nickname` VARCHAR(255) NOT NULL, `password` VARCHAR(255) NOT NULL, `status` TINYINT(1) DEFAULT false, `address` VARCHAR(255), `tel` VARCHAR(255), `createdAt` DATETIME NOT NULL, `updatedAt` DATETIME NOT NULL, PRIMARY KEY (`id`)) ENGINE=InnoDB;
[2022-03-29T18:17:24.083] [DEBUG] user - Executing (default): SHOW INDEX FROM `user_infos`
[2022-03-29T18:17:49.392] [DEBUG] user - Executing (default): SELECT 1+1 AS result
[2022-03-29T18:17:49.392] [DEBUG] user - Executing (default): CREATE TABLE IF NOT EXISTS `user_infos` (`id` INTEGER auto_increment , `nickname` VARCHAR(255) NOT NULL, `password` VARCHAR(255) NOT NULL, `status` TINYINT(1) DEFAULT false, `address` VARCHAR(255), `tel` VARCHAR(255), `createdAt` DATETIME NOT NULL, `updatedAt` DATETIME NOT NULL, PRIMARY KEY (`id`)) ENGINE=InnoDB;
[2022-03-29T18:17:49.396] [DEBUG] user - Executing (default): SHOW INDEX FROM `user_infos`
[2022-03-29T18:17:50.239] [DEBUG] user - Executing (default): SELECT 1+1 AS result
[2022-03-29T18:17:50.240] [DEBUG] user - Executing (default): CREATE TABLE IF NOT EXISTS `user_infos` (`id` INTEGER auto_increment , `nickname` VARCHAR(255) NOT NULL, `password` VARCHAR(255) NOT NULL, `status` TINYINT(1) DEFAULT false, `address` VARCHAR(255), `tel` VARCHAR(255), `createdAt` DATETIME NOT NULL, `updatedAt` DATETIME NOT NULL, PRIMARY KEY (`id`)) ENGINE=InnoDB;
[2022-03-29T18:17:50.243] [DEBUG] user - Executing (default): SHOW INDEX FROM `user_infos`
[2022-03-29T18:17:52.154] [DEBUG] user - Executing (default): SELECT 1+1 AS result
[2022-03-29T18:17:52.155] [DEBUG] user - Executing (default): CREATE TABLE IF NOT EXISTS `user_infos` (`id` INTEGER auto_increment , `nickname` VARCHAR(255) NOT NULL, `password` VARCHAR(255) NOT NULL, `status` TINYINT(1) DEFAULT false, `address` VARCHAR(255), `tel` VARCHAR(255), `createdAt` DATETIME NOT NULL, `updatedAt` DATETIME NOT NULL, PRIMARY KEY (`id`)) ENGINE=InnoDB;
[2022-03-29T18:17:52.158] [DEBUG] user - Executing (default): SHOW INDEX FROM `user_infos`
[2022-03-29T18:17:54.263] [DEBUG] user - Executing (default): SELECT 1+1 AS result
[2022-03-29T18:17:54.264] [DEBUG] user - Executing (default): CREATE TABLE IF NOT EXISTS `user_infos` (`id` INTEGER auto_increment , `nickname` VARCHAR(255) NOT NULL, `password` VARCHAR(255) NOT NULL, `status` TINYINT(1) DEFAULT false, `address` VARCHAR(255), `tel` VARCHAR(255), `createdAt` DATETIME NOT NULL, `updatedAt` DATETIME NOT NULL, PRIMARY KEY (`id`)) ENGINE=InnoDB;
[2022-03-29T18:17:54.267] [DEBUG] user - Executing (default): SHOW INDEX FROM `user_infos`
[2022-03-29T18:18:00.521] [DEBUG] user - Executing (default): SELECT 1+1 AS result
[2022-03-29T18:18:00.522] [DEBUG] user - Executing (default): CREATE TABLE IF NOT EXISTS `user_infos` (`id` INTEGER auto_increment , `nickname` VARCHAR(255) NOT NULL, `password` VARCHAR(255) NOT NULL, `status` TINYINT(1) DEFAULT false, `address` VARCHAR(255), `tel` VARCHAR(255), `createdAt` DATETIME NOT NULL, `updatedAt` DATETIME NOT NULL, PRIMARY KEY (`id`)) ENGINE=InnoDB;
[2022-03-29T18:18:00.526] [DEBUG] user - Executing (default): SHOW INDEX FROM `user_infos`
[2022-03-29T18:18:04.887] [DEBUG] user - Executing (default): SELECT 1+1 AS result
[2022-03-29T18:18:04.888] [DEBUG] user - Executing (default): CREATE TABLE IF NOT EXISTS `user_infos` (`id` INTEGER auto_increment , `nickname` VARCHAR(255) NOT NULL, `password` VARCHAR(255) NOT NULL, `status` TINYINT(1) DEFAULT false, `address` VARCHAR(255), `tel` VARCHAR(255), `createdAt` DATETIME NOT NULL, `updatedAt` DATETIME NOT NULL, PRIMARY KEY (`id`)) ENGINE=InnoDB;
[2022-03-29T18:18:04.892] [DEBUG] user - Executing (default): SHOW INDEX FROM `user_infos`
[2022-03-29T18:18:10.894] [DEBUG] user - Executing (default): SELECT 1+1 AS result
[2022-03-29T18:18:10.894] [DEBUG] user - Executing (default): CREATE TABLE IF NOT EXISTS `user_infos` (`id` INTEGER auto_increment , `nickname` VARCHAR(255) NOT NULL, `password` VARCHAR(255) NOT NULL, `status` TINYINT(1) DEFAULT false, `address` VARCHAR(255), `tel` VARCHAR(255), `createdAt` DATETIME NOT NULL, `updatedAt` DATETIME NOT NULL, PRIMARY KEY (`id`)) ENGINE=InnoDB;
[2022-03-29T18:18:10.898] [DEBUG] user - Executing (default): SHOW INDEX FROM `user_infos`
[2022-03-29T18:18:13.111] [DEBUG] user - Executing (default): SELECT 1+1 AS result
[2022-03-29T18:18:13.111] [DEBUG] user - Executing (default): CREATE TABLE IF NOT EXISTS `user_infos` (`id` INTEGER auto_increment , `nickname` VARCHAR(255) NOT NULL, `password` VARCHAR(255) NOT NULL, `status` TINYINT(1) DEFAULT false, `address` VARCHAR(255), `tel` VARCHAR(255), `createdAt` DATETIME NOT NULL, `updatedAt` DATETIME NOT NULL, PRIMARY KEY (`id`)) ENGINE=InnoDB;
[2022-03-29T18:18:13.115] [DEBUG] user - Executing (default): SHOW INDEX FROM `user_infos`
[2022-03-29T18:18:17.279] [DEBUG] user - Executing (default): SELECT 1+1 AS result
[2022-03-29T18:18:17.280] [DEBUG] user - Executing (default): CREATE TABLE IF NOT EXISTS `user_infos` (`id` INTEGER auto_increment , `nickname` VARCHAR(255) NOT NULL, `password` VARCHAR(255) NOT NULL, `status` TINYINT(1) DEFAULT false, `address` VARCHAR(255), `tel` VARCHAR(255), `createdAt` DATETIME NOT NULL, `updatedAt` DATETIME NOT NULL, PRIMARY KEY (`id`)) ENGINE=InnoDB;
[2022-03-29T18:18:17.284] [DEBUG] user - Executing (default): SHOW INDEX FROM `user_infos`
[2022-03-29T18:18:22.659] [DEBUG] user - Executing (default): SELECT 1+1 AS result
[2022-03-29T18:18:22.660] [DEBUG] user - Executing (default): CREATE TABLE IF NOT EXISTS `user_infos` (`id` INTEGER auto_increment , `nickname` VARCHAR(255) NOT NULL, `password` VARCHAR(255) NOT NULL, `status` TINYINT(1) DEFAULT false, `address` VARCHAR(255), `tel` VARCHAR(255), `createdAt` DATETIME NOT NULL, `updatedAt` DATETIME NOT NULL, PRIMARY KEY (`id`)) ENGINE=InnoDB;
[2022-03-29T18:18:22.663] [DEBUG] user - Executing (default): SHOW INDEX FROM `user_infos`
[2022-03-29T18:18:31.978] [DEBUG] user - Executing (default): SELECT 1+1 AS result
[2022-03-29T18:18:31.978] [DEBUG] user - Executing (default): CREATE TABLE IF NOT EXISTS `user_infos` (`id` INTEGER auto_increment , `nickname` VARCHAR(255) NOT NULL, `password` VARCHAR(255) NOT NULL, `status` TINYINT(1) DEFAULT false, `address` VARCHAR(255), `tel` VARCHAR(255), `createdAt` DATETIME NOT NULL, `updatedAt` DATETIME NOT NULL, PRIMARY KEY (`id`)) ENGINE=InnoDB;
[2022-03-29T18:18:31.982] [DEBUG] user - Executing (default): SHOW INDEX FROM `user_infos`
[2022-03-29T18:18:34.129] [DEBUG] user - Executing (default): SELECT 1+1 AS result
[2022-03-29T18:18:34.130] [DEBUG] user - Executing (default): CREATE TABLE IF NOT EXISTS `user_infos` (`id` INTEGER auto_increment , `nickname` VARCHAR(255) NOT NULL, `password` VARCHAR(255) NOT NULL, `status` TINYINT(1) DEFAULT false, `address` VARCHAR(255), `tel` VARCHAR(255), `createdAt` DATETIME NOT NULL, `updatedAt` DATETIME NOT NULL, PRIMARY KEY (`id`)) ENGINE=InnoDB;
[2022-03-29T18:18:34.133] [DEBUG] user - Executing (default): SHOW INDEX FROM `user_infos`
[2022-03-29T18:18:44.320] [DEBUG] user - Executing (default): SELECT 1+1 AS result
[2022-03-29T18:18:44.321] [DEBUG] user - Executing (default): CREATE TABLE IF NOT EXISTS `user_infos` (`id` INTEGER auto_increment , `nickname` VARCHAR(255) NOT NULL, `password` VARCHAR(255) NOT NULL, `status` TINYINT(1) DEFAULT false, `address` VARCHAR(255), `tel` VARCHAR(255), `createdAt` DATETIME NOT NULL, `updatedAt` DATETIME NOT NULL, PRIMARY KEY (`id`)) ENGINE=InnoDB;
[2022-03-29T18:18:44.325] [DEBUG] user - Executing (default): SHOW INDEX FROM `user_infos`
[2022-03-29T18:19:21.949] [DEBUG] user - Executing (default): SELECT 1+1 AS result
[2022-03-29T18:19:21.950] [DEBUG] user - Executing (default): CREATE TABLE IF NOT EXISTS `user_infos` (`id` INTEGER auto_increment , `nickname` VARCHAR(255) NOT NULL, `password` VARCHAR(255) NOT NULL, `status` TINYINT(1) DEFAULT false, `address` VARCHAR(255), `tel` VARCHAR(255), `createdAt` DATETIME NOT NULL, `updatedAt` DATETIME NOT NULL, PRIMARY KEY (`id`)) ENGINE=InnoDB;
[2022-03-29T18:19:21.954] [DEBUG] user - Executing (default): SHOW INDEX FROM `user_infos`
[2022-03-29T18:19:33.613] [DEBUG] user - Executing (default): SELECT 1+1 AS result
[2022-03-29T18:19:33.614] [DEBUG] user - Executing (default): CREATE TABLE IF NOT EXISTS `user_infos` (`id` INTEGER auto_increment , `nickname` VARCHAR(255) NOT NULL, `password` VARCHAR(255) NOT NULL, `status` TINYINT(1) DEFAULT false, `address` VARCHAR(255), `tel` VARCHAR(255), `createdAt` DATETIME NOT NULL, `updatedAt` DATETIME NOT NULL, PRIMARY KEY (`id`)) ENGINE=InnoDB;
[2022-03-29T18:19:33.617] [DEBUG] user - Executing (default): SHOW INDEX FROM `user_infos`
[2022-03-29T18:19:40.988] [DEBUG] user - Executing (default): SELECT 1+1 AS result
[2022-03-29T18:19:40.989] [DEBUG] user - Executing (default): CREATE TABLE IF NOT EXISTS `user_infos` (`id` INTEGER auto_increment , `nickname` VARCHAR(255) NOT NULL, `password` VARCHAR(255) NOT NULL, `status` TINYINT(1) DEFAULT false, `address` VARCHAR(255), `tel` VARCHAR(255), `createdAt` DATETIME NOT NULL, `updatedAt` DATETIME NOT NULL, PRIMARY KEY (`id`)) ENGINE=InnoDB;
[2022-03-29T18:19:40.992] [DEBUG] user - Executing (default): SHOW INDEX FROM `user_infos`
[2022-03-29T18:21:33.616] [DEBUG] user - Executing (default): SELECT 1+1 AS result
[2022-03-29T18:21:33.617] [DEBUG] user - Executing (default): CREATE TABLE IF NOT EXISTS `user_infos` (`id` INTEGER auto_increment , `nickname` VARCHAR(255) NOT NULL, `password` VARCHAR(255) NOT NULL, `status` TINYINT(1) DEFAULT false, `address` VARCHAR(255), `tel` VARCHAR(255), `createdAt` DATETIME NOT NULL, `updatedAt` DATETIME NOT NULL, PRIMARY KEY (`id`)) ENGINE=InnoDB;
[2022-03-29T18:21:33.622] [DEBUG] user - Executing (default): SHOW INDEX FROM `user_infos`
[2022-03-29T18:21:41.665] [DEBUG] user - Executing (default): SELECT 1+1 AS result
[2022-03-29T18:21:41.666] [DEBUG] user - Executing (default): CREATE TABLE IF NOT EXISTS `user_infos` (`id` INTEGER auto_increment , `nickname` VARCHAR(255) NOT NULL, `password` VARCHAR(255) NOT NULL, `status` TINYINT(1) DEFAULT false, `address` VARCHAR(255), `tel` VARCHAR(255), `createdAt` DATETIME NOT NULL, `updatedAt` DATETIME NOT NULL, PRIMARY KEY (`id`)) ENGINE=InnoDB;
[2022-03-29T18:21:41.671] [DEBUG] user - Executing (default): SHOW INDEX FROM `user_infos`
[2022-03-29T18:21:44.013] [DEBUG] user - Executing (default): SELECT 1+1 AS result
[2022-03-29T18:21:44.013] [DEBUG] user - Executing (default): CREATE TABLE IF NOT EXISTS `user_infos` (`id` INTEGER auto_increment , `nickname` VARCHAR(255) NOT NULL, `password` VARCHAR(255) NOT NULL, `status` TINYINT(1) DEFAULT false, `address` VARCHAR(255), `tel` VARCHAR(255), `createdAt` DATETIME NOT NULL, `updatedAt` DATETIME NOT NULL, PRIMARY KEY (`id`)) ENGINE=InnoDB;
[2022-03-29T18:21:44.017] [DEBUG] user - Executing (default): SHOW INDEX FROM `user_infos`
[2022-03-29T18:21:46.606] [DEBUG] user - Executing (default): SELECT 1+1 AS result
[2022-03-29T18:21:46.607] [DEBUG] user - Executing (default): CREATE TABLE IF NOT EXISTS `user_infos` (`id` INTEGER auto_increment , `nickname` VARCHAR(255) NOT NULL, `password` VARCHAR(255) NOT NULL, `status` TINYINT(1) DEFAULT false, `address` VARCHAR(255), `tel` VARCHAR(255), `createdAt` DATETIME NOT NULL, `updatedAt` DATETIME NOT NULL, PRIMARY KEY (`id`)) ENGINE=InnoDB;
[2022-03-29T18:21:46.610] [DEBUG] user - Executing (default): SHOW INDEX FROM `user_infos`
[2022-03-29T18:21:48.348] [DEBUG] user - Executing (default): SELECT 1+1 AS result
[2022-03-29T18:21:48.349] [DEBUG] user - Executing (default): CREATE TABLE IF NOT EXISTS `user_infos` (`id` INTEGER auto_increment , `nickname` VARCHAR(255) NOT NULL, `password` VARCHAR(255) NOT NULL, `status` TINYINT(1) DEFAULT false, `address` VARCHAR(255), `tel` VARCHAR(255), `createdAt` DATETIME NOT NULL, `updatedAt` DATETIME NOT NULL, PRIMARY KEY (`id`)) ENGINE=InnoDB;
[2022-03-29T18:21:48.353] [DEBUG] user - Executing (default): SHOW INDEX FROM `user_infos`
[2022-03-29T18:21:50.359] [DEBUG] user - Executing (default): SELECT 1+1 AS result
[2022-03-29T18:21:50.359] [DEBUG] user - Executing (default): CREATE TABLE IF NOT EXISTS `user_infos` (`id` INTEGER auto_increment , `nickname` VARCHAR(255) NOT NULL, `password` VARCHAR(255) NOT NULL, `status` TINYINT(1) DEFAULT false, `address` VARCHAR(255), `tel` VARCHAR(255), `createdAt` DATETIME NOT NULL, `updatedAt` DATETIME NOT NULL, PRIMARY KEY (`id`)) ENGINE=InnoDB;
[2022-03-29T18:21:50.363] [DEBUG] user - Executing (default): SHOW INDEX FROM `user_infos`
[2022-03-29T18:22:04.427] [DEBUG] user - Executing (default): SELECT 1+1 AS result
[2022-03-29T18:22:04.428] [DEBUG] user - Executing (default): CREATE TABLE IF NOT EXISTS `user_infos` (`id` INTEGER auto_increment , `nickname` VARCHAR(255) NOT NULL, `password` VARCHAR(255) NOT NULL, `status` TINYINT(1) DEFAULT false, `address` VARCHAR(255), `tel` VARCHAR(255), `createdAt` DATETIME NOT NULL, `updatedAt` DATETIME NOT NULL, PRIMARY KEY (`id`)) ENGINE=InnoDB;
[2022-03-29T18:22:04.433] [DEBUG] user - Executing (default): SHOW INDEX FROM `user_infos`
[2022-03-29T18:22:10.527] [DEBUG] user - Executing (default): SELECT 1+1 AS result
[2022-03-29T18:22:10.528] [DEBUG] user - Executing (default): CREATE TABLE IF NOT EXISTS `user_infos` (`id` INTEGER auto_increment , `nickname` VARCHAR(255) NOT NULL, `password` VARCHAR(255) NOT NULL, `status` TINYINT(1) DEFAULT false, `address` VARCHAR(255), `tel` VARCHAR(255), `createdAt` DATETIME NOT NULL, `updatedAt` DATETIME NOT NULL, PRIMARY KEY (`id`)) ENGINE=InnoDB;
[2022-03-29T18:22:10.532] [DEBUG] user - Executing (default): SHOW INDEX FROM `user_infos`
[2022-03-29T18:22:14.454] [DEBUG] user - Executing (default): SELECT 1+1 AS result
[2022-03-29T18:22:14.455] [DEBUG] user - Executing (default): CREATE TABLE IF NOT EXISTS `user_infos` (`id` INTEGER auto_increment , `nickname` VARCHAR(255) NOT NULL, `password` VARCHAR(255) NOT NULL, `status` TINYINT(1) DEFAULT false, `address` VARCHAR(255), `tel` VARCHAR(255), `createdAt` DATETIME NOT NULL, `updatedAt` DATETIME NOT NULL, PRIMARY KEY (`id`)) ENGINE=InnoDB;
[2022-03-29T18:22:14.458] [DEBUG] user - Executing (default): SHOW INDEX FROM `user_infos`
[2022-03-29T18:22:17.746] [DEBUG] user - Executing (default): SELECT 1+1 AS result
[2022-03-29T18:22:17.747] [DEBUG] user - Executing (default): CREATE TABLE IF NOT EXISTS `user_infos` (`id` INTEGER auto_increment , `nickname` VARCHAR(255) NOT NULL, `password` VARCHAR(255) NOT NULL, `status` TINYINT(1) DEFAULT false, `address` VARCHAR(255), `tel` VARCHAR(255), `createdAt` DATETIME NOT NULL, `updatedAt` DATETIME NOT NULL, PRIMARY KEY (`id`)) ENGINE=InnoDB;
[2022-03-29T18:22:17.750] [DEBUG] user - Executing (default): SHOW INDEX FROM `user_infos`
[2022-03-29T18:22:30.200] [DEBUG] user - Executing (default): SELECT 1+1 AS result
[2022-03-29T18:22:30.202] [DEBUG] user - Executing (default): CREATE TABLE IF NOT EXISTS `user_infos` (`id` INTEGER auto_increment , `nickname` VARCHAR(255) NOT NULL, `password` VARCHAR(255) NOT NULL, `status` TINYINT(1) DEFAULT false, `address` VARCHAR(255), `tel` VARCHAR(255), `createdAt` DATETIME NOT NULL, `updatedAt` DATETIME NOT NULL, PRIMARY KEY (`id`)) ENGINE=InnoDB;
[2022-03-29T18:22:30.210] [DEBUG] user - Executing (default): SHOW INDEX FROM `user_infos`
[2022-03-29T18:22:41.134] [DEBUG] user - Executing (default): SELECT 1+1 AS result
[2022-03-29T18:22:41.135] [DEBUG] user - Executing (default): CREATE TABLE IF NOT EXISTS `user_infos` (`id` INTEGER auto_increment , `nickname` VARCHAR(255) NOT NULL, `password` VARCHAR(255) NOT NULL, `status` TINYINT(1) DEFAULT false, `address` VARCHAR(255), `tel` VARCHAR(255), `createdAt` DATETIME NOT NULL, `updatedAt` DATETIME NOT NULL, PRIMARY KEY (`id`)) ENGINE=InnoDB;
[2022-03-29T18:22:41.142] [DEBUG] user - Executing (default): SHOW INDEX FROM `user_infos`
[2022-03-29T18:22:43.192] [DEBUG] user - Executing (default): SELECT 1+1 AS result
[2022-03-29T18:22:43.193] [DEBUG] user - Executing (default): CREATE TABLE IF NOT EXISTS `user_infos` (`id` INTEGER auto_increment , `nickname` VARCHAR(255) NOT NULL, `password` VARCHAR(255) NOT NULL, `status` TINYINT(1) DEFAULT false, `address` VARCHAR(255), `tel` VARCHAR(255), `createdAt` DATETIME NOT NULL, `updatedAt` DATETIME NOT NULL, PRIMARY KEY (`id`)) ENGINE=InnoDB;
[2022-03-29T18:22:43.197] [DEBUG] user - Executing (default): SHOW INDEX FROM `user_infos`
[2022-03-29T18:22:49.058] [DEBUG] user - Executing (default): SELECT 1+1 AS result
[2022-03-29T18:22:49.059] [DEBUG] user - Executing (default): CREATE TABLE IF NOT EXISTS `user_infos` (`id` INTEGER auto_increment , `nickname` VARCHAR(255) NOT NULL, `password` VARCHAR(255) NOT NULL, `status` TINYINT(1) DEFAULT false, `address` VARCHAR(255), `tel` VARCHAR(255), `createdAt` DATETIME NOT NULL, `updatedAt` DATETIME NOT NULL, PRIMARY KEY (`id`)) ENGINE=InnoDB;
[2022-03-29T18:22:49.064] [DEBUG] user - Executing (default): SHOW INDEX FROM `user_infos`
[2022-03-29T18:22:57.605] [DEBUG] user - Executing (default): SELECT 1+1 AS result
[2022-03-29T18:22:57.606] [DEBUG] user - Executing (default): CREATE TABLE IF NOT EXISTS `user_infos` (`id` INTEGER auto_increment , `nickname` VARCHAR(255) NOT NULL, `password` VARCHAR(255) NOT NULL, `status` TINYINT(1) DEFAULT false, `address` VARCHAR(255), `tel` VARCHAR(255), `createdAt` DATETIME NOT NULL, `updatedAt` DATETIME NOT NULL, PRIMARY KEY (`id`)) ENGINE=InnoDB;
[2022-03-29T18:22:57.610] [DEBUG] user - Executing (default): SHOW INDEX FROM `user_infos`
[2022-03-29T18:23:20.523] [DEBUG] user - Executing (default): SELECT 1+1 AS result
[2022-03-29T18:23:20.524] [DEBUG] user - Executing (default): CREATE TABLE IF NOT EXISTS `user_infos` (`id` INTEGER auto_increment , `nickname` VARCHAR(255) NOT NULL, `password` VARCHAR(255) NOT NULL, `status` TINYINT(1) DEFAULT false, `address` VARCHAR(255), `tel` VARCHAR(255), `createdAt` DATETIME NOT NULL, `updatedAt` DATETIME NOT NULL, PRIMARY KEY (`id`)) ENGINE=InnoDB;
[2022-03-29T18:23:20.532] [DEBUG] user - Executing (default): SHOW INDEX FROM `user_infos`
[2022-03-29T18:23:22.389] [DEBUG] user - Executing (default): SELECT 1+1 AS result
[2022-03-29T18:23:22.390] [DEBUG] user - Executing (default): CREATE TABLE IF NOT EXISTS `user_infos` (`id` INTEGER auto_increment , `nickname` VARCHAR(255) NOT NULL, `password` VARCHAR(255) NOT NULL, `status` TINYINT(1) DEFAULT false, `address` VARCHAR(255), `tel` VARCHAR(255), `createdAt` DATETIME NOT NULL, `updatedAt` DATETIME NOT NULL, PRIMARY KEY (`id`)) ENGINE=InnoDB;
[2022-03-29T18:23:22.394] [DEBUG] user - Executing (default): SHOW INDEX FROM `user_infos`
[2022-03-29T18:23:26.335] [DEBUG] user - Executing (default): SELECT `id`, `nickname`, `password`, `status`, `address`, `tel`, `createdAt`, `updatedAt` FROM `user_infos` AS `user_info`;
[2022-03-29T18:24:47.643] [DEBUG] user - Executing (default): SELECT 1+1 AS result
[2022-03-29T18:24:47.644] [DEBUG] user - Executing (default): CREATE TABLE IF NOT EXISTS `user_infos` (`id` INTEGER auto_increment , `nickname` VARCHAR(255) NOT NULL, `password` VARCHAR(255) NOT NULL, `status` TINYINT(1) DEFAULT false, `address` VARCHAR(255), `tel` VARCHAR(255), `createdAt` DATETIME NOT NULL, `updatedAt` DATETIME NOT NULL, PRIMARY KEY (`id`)) ENGINE=InnoDB;
[2022-03-29T18:24:47.648] [DEBUG] user - Executing (default): SHOW INDEX FROM `user_infos`
[2022-03-29T18:24:48.517] [DEBUG] user - Executing (default): SELECT 1+1 AS result
[2022-03-29T18:24:48.518] [DEBUG] user - Executing (default): CREATE TABLE IF NOT EXISTS `user_infos` (`id` INTEGER auto_increment , `nickname` VARCHAR(255) NOT NULL, `password` VARCHAR(255) NOT NULL, `status` TINYINT(1) DEFAULT false, `address` VARCHAR(255), `tel` VARCHAR(255), `createdAt` DATETIME NOT NULL, `updatedAt` DATETIME NOT NULL, PRIMARY KEY (`id`)) ENGINE=InnoDB;
[2022-03-29T18:24:48.519] [DEBUG] user - Executing (default): SHOW INDEX FROM `user_infos`
[2022-03-29T18:24:58.841] [DEBUG] user - Executing (default): SELECT 1+1 AS result
[2022-03-29T18:24:58.842] [DEBUG] user - Executing (default): CREATE TABLE IF NOT EXISTS `user_infos` (`id` INTEGER auto_increment , `nickname` VARCHAR(255) NOT NULL, `password` VARCHAR(255) NOT NULL, `status` TINYINT(1) DEFAULT false, `address` VARCHAR(255), `tel` VARCHAR(255), `createdAt` DATETIME NOT NULL, `updatedAt` DATETIME NOT NULL, PRIMARY KEY (`id`)) ENGINE=InnoDB;
[2022-03-29T18:24:58.846] [DEBUG] user - Executing (default): SHOW INDEX FROM `user_infos`
[2022-03-29T18:25:16.650] [DEBUG] user - Executing (default): SELECT 1+1 AS result
[2022-03-29T18:25:16.651] [DEBUG] user - Executing (default): CREATE TABLE IF NOT EXISTS `user_infos` (`id` INTEGER auto_increment , `nickname` VARCHAR(255) NOT NULL, `password` VARCHAR(255) NOT NULL, `status` TINYINT(1) DEFAULT false, `address` VARCHAR(255), `tel` VARCHAR(255), `createdAt` DATETIME NOT NULL, `updatedAt` DATETIME NOT NULL, PRIMARY KEY (`id`)) ENGINE=InnoDB;
[2022-03-29T18:25:16.654] [DEBUG] user - Executing (default): SHOW INDEX FROM `user_infos`
[2022-03-29T18:25:22.084] [DEBUG] user - Executing (default): SELECT `id`, `nickname`, `password`, `status`, `address`, `tel`, `createdAt`, `updatedAt` FROM `user_infos` AS `user_info`;
[2022-03-29T18:26:27.078] [DEBUG] user - Executing (default): SELECT 1+1 AS result
[2022-03-29T18:26:27.079] [DEBUG] user - Executing (default): CREATE TABLE IF NOT EXISTS `user_infos` (`id` INTEGER auto_increment , `nickname` VARCHAR(255) NOT NULL, `password` VARCHAR(255) NOT NULL, `status` TINYINT(1) DEFAULT false, `address` VARCHAR(255), `tel` VARCHAR(255), `createdAt` DATETIME NOT NULL, `updatedAt` DATETIME NOT NULL, PRIMARY KEY (`id`)) ENGINE=InnoDB;
[2022-03-29T18:26:27.085] [DEBUG] user - Executing (default): SHOW INDEX FROM `user_infos`
[2022-03-29T18:26:43.355] [DEBUG] user - Executing (default): SELECT 1+1 AS result
[2022-03-29T18:26:43.357] [DEBUG] user - Executing (default): CREATE TABLE IF NOT EXISTS `user_infos` (`id` INTEGER auto_increment , `nickname` VARCHAR(255) NOT NULL, `password` VARCHAR(255) NOT NULL, `status` TINYINT(1) DEFAULT false, `address` VARCHAR(255), `tel` VARCHAR(255), `createdAt` DATETIME NOT NULL, `updatedAt` DATETIME NOT NULL, PRIMARY KEY (`id`)) ENGINE=InnoDB;
[2022-03-29T18:26:43.366] [DEBUG] user - Executing (default): SHOW INDEX FROM `user_infos`
[2022-03-29T18:26:44.265] [DEBUG] user - Executing (default): SELECT `id`, `nickname`, `password`, `status`, `address`, `tel`, `createdAt`, `updatedAt` FROM `user_infos` AS `user_info` WHERE `user_info`.`nickname` = 'chou' AND `user_info`.`id` = '1';
[2022-03-29T18:26:49.333] [DEBUG] user - Executing (default): SELECT `id`, `nickname`, `password`, `status`, `address`, `tel`, `createdAt`, `updatedAt` FROM `user_infos` AS `user_info` WHERE `user_info`.`nickname` = 'chou' AND `user_info`.`id` = '2';
[2022-03-29T18:26:59.021] [DEBUG] user - Executing (default): SELECT `id`, `nickname`, `password`, `status`, `address`, `tel`, `createdAt`, `updatedAt` FROM `user_infos` AS `user_info` WHERE `user_info`.`nickname` = 'chou' AND `user_info`.`id` = '2';
[2022-03-29T18:27:46.781] [DEBUG] user - Executing (default): SELECT `id`, `nickname`, `password`, `status`, `address`, `tel`, `createdAt`, `updatedAt` FROM `user_infos` AS `user_info` WHERE `user_info`.`nickname` = 'chou' AND `user_info`.`id` = '2';
[2022-03-29T18:29:20.737] [DEBUG] user - Executing (default): SELECT 1+1 AS result
[2022-03-29T18:29:20.738] [DEBUG] user - Executing (default): CREATE TABLE IF NOT EXISTS `user_infos` (`id` INTEGER auto_increment , `nickname` VARCHAR(255) NOT NULL, `password` VARCHAR(255) NOT NULL, `status` TINYINT(1) DEFAULT false, `address` VARCHAR(255), `tel` VARCHAR(255), `createdAt` DATETIME NOT NULL, `updatedAt` DATETIME NOT NULL, PRIMARY KEY (`id`)) ENGINE=InnoDB;
[2022-03-29T18:29:20.742] [DEBUG] user - Executing (default): SHOW INDEX FROM `user_infos`
[2022-03-29T18:29:28.124] [DEBUG] user - Executing (default): SELECT 1+1 AS result
[2022-03-29T18:29:28.125] [DEBUG] user - Executing (default): CREATE TABLE IF NOT EXISTS `user_infos` (`id` INTEGER auto_increment , `nickname` VARCHAR(255) NOT NULL, `password` VARCHAR(255) NOT NULL, `status` TINYINT(1) DEFAULT false, `address` VARCHAR(255), `tel` VARCHAR(255), `createdAt` DATETIME NOT NULL, `updatedAt` DATETIME NOT NULL, PRIMARY KEY (`id`)) ENGINE=InnoDB;
[2022-03-29T18:29:28.128] [DEBUG] user - Executing (default): SHOW INDEX FROM `user_infos`
[2022-03-29T18:29:40.112] [DEBUG] user - Executing (default): SELECT 1+1 AS result
[2022-03-29T18:29:40.113] [DEBUG] user - Executing (default): CREATE TABLE IF NOT EXISTS `user_infos` (`id` INTEGER auto_increment , `nickname` VARCHAR(255) NOT NULL, `password` VARCHAR(255) NOT NULL, `status` TINYINT(1) DEFAULT false, `address` VARCHAR(255), `tel` VARCHAR(255), `createdAt` DATETIME NOT NULL, `updatedAt` DATETIME NOT NULL, PRIMARY KEY (`id`)) ENGINE=InnoDB;
[2022-03-29T18:29:40.116] [DEBUG] user - Executing (default): SHOW INDEX FROM `user_infos`
[2022-03-29T18:29:40.528] [DEBUG] user - Executing (default): SELECT 1+1 AS result
[2022-03-29T18:29:40.529] [DEBUG] user - Executing (default): CREATE TABLE IF NOT EXISTS `user_infos` (`id` INTEGER auto_increment , `nickname` VARCHAR(255) NOT NULL, `password` VARCHAR(255) NOT NULL, `status` TINYINT(1) DEFAULT false, `address` VARCHAR(255), `tel` VARCHAR(255), `createdAt` DATETIME NOT NULL, `updatedAt` DATETIME NOT NULL, PRIMARY KEY (`id`)) ENGINE=InnoDB;
[2022-03-29T18:29:40.531] [DEBUG] user - Executing (default): SHOW INDEX FROM `user_infos`
[2022-03-29T18:29:43.601] [DEBUG] user - Executing (default): SELECT 1+1 AS result
[2022-03-29T18:29:43.601] [DEBUG] user - Executing (default): CREATE TABLE IF NOT EXISTS `user_infos` (`id` INTEGER auto_increment , `nickname` VARCHAR(255) NOT NULL, `password` VARCHAR(255) NOT NULL, `status` TINYINT(1) DEFAULT false, `address` VARCHAR(255), `tel` VARCHAR(255), `createdAt` DATETIME NOT NULL, `updatedAt` DATETIME NOT NULL, PRIMARY KEY (`id`)) ENGINE=InnoDB;
[2022-03-29T18:29:43.605] [DEBUG] user - Executing (default): SHOW INDEX FROM `user_infos`
[2022-03-29T18:29:46.315] [DEBUG] user - Executing (default): SELECT 1+1 AS result
[2022-03-29T18:29:46.316] [DEBUG] user - Executing (default): CREATE TABLE IF NOT EXISTS `user_infos` (`id` INTEGER auto_increment , `nickname` VARCHAR(255) NOT NULL, `password` VARCHAR(255) NOT NULL, `status` TINYINT(1) DEFAULT false, `address` VARCHAR(255), `tel` VARCHAR(255), `createdAt` DATETIME NOT NULL, `updatedAt` DATETIME NOT NULL, PRIMARY KEY (`id`)) ENGINE=InnoDB;
[2022-03-29T18:29:46.319] [DEBUG] user - Executing (default): SHOW INDEX FROM `user_infos`
[2022-03-29T18:30:05.957] [DEBUG] user - Executing (default): SELECT 1+1 AS result
[2022-03-29T18:30:05.958] [DEBUG] user - Executing (default): CREATE TABLE IF NOT EXISTS `user_infos` (`id` INTEGER auto_increment , `nickname` VARCHAR(255) NOT NULL, `password` VARCHAR(255) NOT NULL, `status` TINYINT(1) DEFAULT false, `address` VARCHAR(255), `tel` VARCHAR(255), `createdAt` DATETIME NOT NULL, `updatedAt` DATETIME NOT NULL, PRIMARY KEY (`id`)) ENGINE=InnoDB;
[2022-03-29T18:30:05.961] [DEBUG] user - Executing (default): SHOW INDEX FROM `user_infos`
[2022-03-29T18:30:47.821] [DEBUG] user - Executing (default): SELECT 1+1 AS result
[2022-03-29T18:30:47.822] [DEBUG] user - Executing (default): CREATE TABLE IF NOT EXISTS `user_infos` (`id` INTEGER auto_increment , `nickname` VARCHAR(255) NOT NULL, `password` VARCHAR(255) NOT NULL, `status` TINYINT(1) DEFAULT false, `address` VARCHAR(255), `tel` VARCHAR(255), `createdAt` DATETIME NOT NULL, `updatedAt` DATETIME NOT NULL, PRIMARY KEY (`id`)) ENGINE=InnoDB;
[2022-03-29T18:30:47.826] [DEBUG] user - Executing (default): SHOW INDEX FROM `user_infos`
[2022-03-29T18:30:50.880] [DEBUG] user - Executing (default): SELECT 1+1 AS result
[2022-03-29T18:30:50.881] [DEBUG] user - Executing (default): CREATE TABLE IF NOT EXISTS `user_infos` (`id` INTEGER auto_increment , `nickname` VARCHAR(255) NOT NULL, `password` VARCHAR(255) NOT NULL, `status` TINYINT(1) DEFAULT false, `address` VARCHAR(255), `tel` VARCHAR(255), `createdAt` DATETIME NOT NULL, `updatedAt` DATETIME NOT NULL, PRIMARY KEY (`id`)) ENGINE=InnoDB;
[2022-03-29T18:30:50.884] [DEBUG] user - Executing (default): SHOW INDEX FROM `user_infos`
[2022-03-29T18:30:56.816] [DEBUG] user - Executing (default): SELECT 1+1 AS result
[2022-03-29T18:30:56.817] [DEBUG] user - Executing (default): CREATE TABLE IF NOT EXISTS `user_infos` (`id` INTEGER auto_increment , `nickname` VARCHAR(255) NOT NULL, `password` VARCHAR(255) NOT NULL, `status` TINYINT(1) DEFAULT false, `address` VARCHAR(255), `tel` VARCHAR(255), `createdAt` DATETIME NOT NULL, `updatedAt` DATETIME NOT NULL, PRIMARY KEY (`id`)) ENGINE=InnoDB;
[2022-03-29T18:30:56.821] [DEBUG] user - Executing (default): SHOW INDEX FROM `user_infos`
[2022-03-29T18:31:01.404] [DEBUG] user - Executing (default): SELECT 1+1 AS result
[2022-03-29T18:31:01.405] [DEBUG] user - Executing (default): CREATE TABLE IF NOT EXISTS `user_infos` (`id` INTEGER auto_increment , `nickname` VARCHAR(255) NOT NULL, `password` VARCHAR(255) NOT NULL, `status` TINYINT(1) DEFAULT false, `address` VARCHAR(255), `tel` VARCHAR(255), `createdAt` DATETIME NOT NULL, `updatedAt` DATETIME NOT NULL, PRIMARY KEY (`id`)) ENGINE=InnoDB;
[2022-03-29T18:31:01.409] [DEBUG] user - Executing (default): SHOW INDEX FROM `user_infos`
[2022-03-29T18:31:02.561] [DEBUG] user - Executing (default): SELECT 1+1 AS result
[2022-03-29T18:31:02.561] [DEBUG] user - Executing (default): CREATE TABLE IF NOT EXISTS `user_infos` (`id` INTEGER auto_increment , `nickname` VARCHAR(255) NOT NULL, `password` VARCHAR(255) NOT NULL, `status` TINYINT(1) DEFAULT false, `address` VARCHAR(255), `tel` VARCHAR(255), `createdAt` DATETIME NOT NULL, `updatedAt` DATETIME NOT NULL, PRIMARY KEY (`id`)) ENGINE=InnoDB;
[2022-03-29T18:31:02.565] [DEBUG] user - Executing (default): SHOW INDEX FROM `user_infos`
[2022-03-29T18:31:59.992] [DEBUG] user - Executing (default): SELECT 1+1 AS result
[2022-03-29T18:31:59.993] [DEBUG] user - Executing (default): CREATE TABLE IF NOT EXISTS `user_infos` (`id` INTEGER auto_increment , `nickname` VARCHAR(255) NOT NULL, `password` VARCHAR(255) NOT NULL, `status` TINYINT(1) DEFAULT false, `address` VARCHAR(255), `tel` VARCHAR(255), `createdAt` DATETIME NOT NULL, `updatedAt` DATETIME NOT NULL, PRIMARY KEY (`id`)) ENGINE=InnoDB;
[2022-03-29T18:31:59.997] [DEBUG] user - Executing (default): SHOW INDEX FROM `user_infos`
[2022-03-29T18:32:53.225] [DEBUG] user - Executing (default): SELECT 1+1 AS result
[2022-03-29T18:32:53.226] [DEBUG] user - Executing (default): CREATE TABLE IF NOT EXISTS `user_infos` (`id` INTEGER auto_increment , `nickname` VARCHAR(255) NOT NULL, `password` VARCHAR(255) NOT NULL, `status` TINYINT(1) DEFAULT false, `address` VARCHAR(255), `tel` VARCHAR(255), `createdAt` DATETIME NOT NULL, `updatedAt` DATETIME NOT NULL, PRIMARY KEY (`id`)) ENGINE=InnoDB;
[2022-03-29T18:32:53.230] [DEBUG] user - Executing (default): SHOW INDEX FROM `user_infos`
[2022-03-29T18:33:48.548] [DEBUG] user - Executing (default): SELECT `id`, `nickname`, `password`, `status`, `address`, `tel`, `createdAt`, `updatedAt` FROM `user_infos` AS `user_info` WHERE `user_info`.`id` = '1';
[2022-03-29T18:34:35.830] [DEBUG] user - Executing (default): SELECT 1+1 AS result
[2022-03-29T18:34:35.830] [DEBUG] user - Executing (default): CREATE TABLE IF NOT EXISTS `user_infos` (`id` INTEGER auto_increment , `nickname` VARCHAR(255) NOT NULL, `password` VARCHAR(255) NOT NULL, `status` TINYINT(1) DEFAULT false, `address` VARCHAR(255), `tel` VARCHAR(255), `createdAt` DATETIME NOT NULL, `updatedAt` DATETIME NOT NULL, PRIMARY KEY (`id`)) ENGINE=InnoDB;
[2022-03-29T18:34:35.839] [DEBUG] user - Executing (default): SHOW INDEX FROM `user_infos`
[2022-03-29T18:35:04.471] [DEBUG] user - Executing (default): SELECT 1+1 AS result
[2022-03-29T18:35:04.471] [DEBUG] user - Executing (default): CREATE TABLE IF NOT EXISTS `user_infos` (`id` INTEGER auto_increment , `nickname` VARCHAR(255) NOT NULL, `password` VARCHAR(255) NOT NULL, `status` TINYINT(1) DEFAULT false, `address` VARCHAR(255), `tel` VARCHAR(255), `createdAt` DATETIME NOT NULL, `updatedAt` DATETIME NOT NULL, PRIMARY KEY (`id`)) ENGINE=InnoDB;
[2022-03-29T18:35:04.475] [DEBUG] user - Executing (default): SHOW INDEX FROM `user_infos`
[2022-03-29T19:50:46.976] [DEBUG] user - Executing (default): SELECT 1+1 AS result
[2022-03-29T19:50:46.977] [DEBUG] user - Executing (default): CREATE TABLE IF NOT EXISTS `user_infos` (`id` INTEGER auto_increment , `nickname` VARCHAR(255) NOT NULL, `password` VARCHAR(255) NOT NULL, `status` TINYINT(1) DEFAULT false, `address` VARCHAR(255), `tel` VARCHAR(255), `createdAt` DATETIME NOT NULL, `updatedAt` DATETIME NOT NULL, PRIMARY KEY (`id`)) ENGINE=InnoDB;
[2022-03-29T19:50:46.993] [DEBUG] user - Executing (default): SHOW INDEX FROM `user_infos`
[2022-03-29T19:50:48.188] [DEBUG] user - Executing (default): SELECT 1+1 AS result
[2022-03-29T19:50:48.189] [DEBUG] user - Executing (default): CREATE TABLE IF NOT EXISTS `user_infos` (`id` INTEGER auto_increment , `nickname` VARCHAR(255) NOT NULL, `password` VARCHAR(255) NOT NULL, `status` TINYINT(1) DEFAULT false, `address` VARCHAR(255), `tel` VARCHAR(255), `createdAt` DATETIME NOT NULL, `updatedAt` DATETIME NOT NULL, PRIMARY KEY (`id`)) ENGINE=InnoDB;
[2022-03-29T19:50:48.192] [DEBUG] user - Executing (default): SHOW INDEX FROM `user_infos`
[2022-03-29T19:50:50.137] [DEBUG] user - Executing (default): SELECT 1+1 AS result
[2022-03-29T19:50:50.138] [DEBUG] user - Executing (default): CREATE TABLE IF NOT EXISTS `user_infos` (`id` INTEGER auto_increment , `nickname` VARCHAR(255) NOT NULL, `password` VARCHAR(255) NOT NULL, `status` TINYINT(1) DEFAULT false, `address` VARCHAR(255), `tel` VARCHAR(255), `createdAt` DATETIME NOT NULL, `updatedAt` DATETIME NOT NULL, PRIMARY KEY (`id`)) ENGINE=InnoDB;
[2022-03-29T19:50:50.141] [DEBUG] user - Executing (default): SHOW INDEX FROM `user_infos`
[2022-03-29T19:52:03.829] [DEBUG] user - Executing (default): SELECT 1+1 AS result
[2022-03-29T19:52:03.830] [DEBUG] user - Executing (default): CREATE TABLE IF NOT EXISTS `user_infos` (`id` INTEGER auto_increment , `nickname` VARCHAR(255) NOT NULL, `password` VARCHAR(255) NOT NULL, `status` TINYINT(1) DEFAULT false, `address` VARCHAR(255), `tel` VARCHAR(255), `createdAt` DATETIME NOT NULL, `updatedAt` DATETIME NOT NULL, PRIMARY KEY (`id`)) ENGINE=InnoDB;
[2022-03-29T19:52:03.834] [DEBUG] user - Executing (default): SHOW INDEX FROM `user_infos`
[2022-03-29T19:52:07.008] [DEBUG] user - Executing (default): SELECT 1+1 AS result
[2022-03-29T19:52:07.009] [DEBUG] user - Executing (default): CREATE TABLE IF NOT EXISTS `user_infos` (`id` INTEGER auto_increment , `nickname` VARCHAR(255) NOT NULL, `password` VARCHAR(255) NOT NULL, `status` TINYINT(1) DEFAULT false, `address` VARCHAR(255), `tel` VARCHAR(255), `createdAt` DATETIME NOT NULL, `updatedAt` DATETIME NOT NULL, PRIMARY KEY (`id`)) ENGINE=InnoDB;
[2022-03-29T19:52:07.012] [DEBUG] user - Executing (default): SHOW INDEX FROM `user_infos`
[2022-03-29T19:52:09.701] [DEBUG] user - Executing (default): SELECT 1+1 AS result
[2022-03-29T19:52:09.702] [DEBUG] user - Executing (default): CREATE TABLE IF NOT EXISTS `user_infos` (`id` INTEGER auto_increment , `nickname` VARCHAR(255) NOT NULL, `password` VARCHAR(255) NOT NULL, `status` TINYINT(1) DEFAULT false, `address` VARCHAR(255), `tel` VARCHAR(255), `createdAt` DATETIME NOT NULL, `updatedAt` DATETIME NOT NULL, PRIMARY KEY (`id`)) ENGINE=InnoDB;
[2022-03-29T19:52:09.705] [DEBUG] user - Executing (default): SHOW INDEX FROM `user_infos`
[2022-03-29T19:52:15.406] [DEBUG] user - Executing (default): SELECT 1+1 AS result
[2022-03-29T19:52:15.407] [DEBUG] user - Executing (default): CREATE TABLE IF NOT EXISTS `user_infos` (`id` INTEGER auto_increment , `nickname` VARCHAR(255) NOT NULL, `password` VARCHAR(255) NOT NULL, `status` TINYINT(1) DEFAULT false, `address` VARCHAR(255), `tel` VARCHAR(255), `createdAt` DATETIME NOT NULL, `updatedAt` DATETIME NOT NULL, PRIMARY KEY (`id`)) ENGINE=InnoDB;
[2022-03-29T19:52:15.411] [DEBUG] user - Executing (default): SHOW INDEX FROM `user_infos`
[2022-03-29T19:52:21.185] [DEBUG] user - Executing (default): SELECT 1+1 AS result
[2022-03-29T19:52:21.185] [DEBUG] user - Executing (default): CREATE TABLE IF NOT EXISTS `user_infos` (`id` INTEGER auto_increment , `nickname` VARCHAR(255) NOT NULL, `password` VARCHAR(255) NOT NULL, `status` TINYINT(1) DEFAULT false, `address` VARCHAR(255), `tel` VARCHAR(255), `createdAt` DATETIME NOT NULL, `updatedAt` DATETIME NOT NULL, PRIMARY KEY (`id`)) ENGINE=InnoDB;
[2022-03-29T19:52:21.189] [DEBUG] user - Executing (default): SHOW INDEX FROM `user_infos`
[2022-03-29T19:52:22.659] [DEBUG] user - Executing (default): SELECT 1+1 AS result
[2022-03-29T19:52:22.660] [DEBUG] user - Executing (default): CREATE TABLE IF NOT EXISTS `user_infos` (`id` INTEGER auto_increment , `nickname` VARCHAR(255) NOT NULL, `password` VARCHAR(255) NOT NULL, `status` TINYINT(1) DEFAULT false, `address` VARCHAR(255), `tel` VARCHAR(255), `createdAt` DATETIME NOT NULL, `updatedAt` DATETIME NOT NULL, PRIMARY KEY (`id`)) ENGINE=InnoDB;
[2022-03-29T19:52:22.663] [DEBUG] user - Executing (default): SHOW INDEX FROM `user_infos`
[2022-03-29T19:53:40.948] [DEBUG] user - Executing (default): SELECT 1+1 AS result
[2022-03-29T19:53:40.949] [DEBUG] user - Executing (default): CREATE TABLE IF NOT EXISTS `user_infos` (`id` INTEGER auto_increment , `nickname` VARCHAR(255) NOT NULL, `password` VARCHAR(255) NOT NULL, `status` TINYINT(1) DEFAULT false, `address` VARCHAR(255), `tel` VARCHAR(255), `createdAt` DATETIME NOT NULL, `updatedAt` DATETIME NOT NULL, PRIMARY KEY (`id`)) ENGINE=InnoDB;
[2022-03-29T19:53:40.952] [DEBUG] user - Executing (default): SHOW INDEX FROM `user_infos`
[2022-03-29T19:53:42.118] [DEBUG] user - Executing (default): SELECT 1+1 AS result
[2022-03-29T19:53:42.118] [DEBUG] user - Executing (default): CREATE TABLE IF NOT EXISTS `user_infos` (`id` INTEGER auto_increment , `nickname` VARCHAR(255) NOT NULL, `password` VARCHAR(255) NOT NULL, `status` TINYINT(1) DEFAULT false, `address` VARCHAR(255), `tel` VARCHAR(255), `createdAt` DATETIME NOT NULL, `updatedAt` DATETIME NOT NULL, PRIMARY KEY (`id`)) ENGINE=InnoDB;
[2022-03-29T19:53:42.122] [DEBUG] user - Executing (default): SHOW INDEX FROM `user_infos`
[2022-03-29T19:53:50.031] [DEBUG] user - Executing (default): SELECT 1+1 AS result
[2022-03-29T19:53:50.031] [DEBUG] user - Executing (default): CREATE TABLE IF NOT EXISTS `user_infos` (`id` INTEGER auto_increment , `nickname` VARCHAR(255) NOT NULL, `password` VARCHAR(255) NOT NULL, `status` TINYINT(1) DEFAULT false, `address` VARCHAR(255), `tel` VARCHAR(255), `createdAt` DATETIME NOT NULL, `updatedAt` DATETIME NOT NULL, PRIMARY KEY (`id`)) ENGINE=InnoDB;
[2022-03-29T19:53:50.035] [DEBUG] user - Executing (default): SHOW INDEX FROM `user_infos`
[2022-03-29T19:55:08.151] [DEBUG] user - Executing (default): SELECT 1+1 AS result
[2022-03-29T19:55:08.152] [DEBUG] user - Executing (default): CREATE TABLE IF NOT EXISTS `user_infos` (`id` INTEGER auto_increment , `nickname` VARCHAR(255) NOT NULL, `password` VARCHAR(255) NOT NULL, `status` TINYINT(1) DEFAULT false, `address` VARCHAR(255), `tel` VARCHAR(255), `createdAt` DATETIME NOT NULL, `updatedAt` DATETIME NOT NULL, PRIMARY KEY (`id`)) ENGINE=InnoDB;
[2022-03-29T19:55:08.156] [DEBUG] user - Executing (default): SHOW INDEX FROM `user_infos`
[2022-03-29T19:55:09.455] [DEBUG] user - Executing (default): SELECT 1+1 AS result
[2022-03-29T19:55:09.456] [DEBUG] user - Executing (default): CREATE TABLE IF NOT EXISTS `user_infos` (`id` INTEGER auto_increment , `nickname` VARCHAR(255) NOT NULL, `password` VARCHAR(255) NOT NULL, `status` TINYINT(1) DEFAULT false, `address` VARCHAR(255), `tel` VARCHAR(255), `createdAt` DATETIME NOT NULL, `updatedAt` DATETIME NOT NULL, PRIMARY KEY (`id`)) ENGINE=InnoDB;
[2022-03-29T19:55:09.460] [DEBUG] user - Executing (default): SHOW INDEX FROM `user_infos`
[2022-03-29T19:55:20.915] [DEBUG] user - Executing (default): DELETE FROM `user_infos` WHERE `id` = '2'
[2022-03-29T19:58:40.503] [DEBUG] user - Executing (default): SELECT 1+1 AS result
[2022-03-29T19:58:40.504] [DEBUG] user - Executing (default): CREATE TABLE IF NOT EXISTS `user_infos` (`id` INTEGER auto_increment , `nickname` VARCHAR(255) NOT NULL, `password` VARCHAR(255) NOT NULL, `status` TINYINT(1) DEFAULT false, `address` VARCHAR(255), `tel` VARCHAR(255), `createdAt` DATETIME NOT NULL, `updatedAt` DATETIME NOT NULL, PRIMARY KEY (`id`)) ENGINE=InnoDB;
[2022-03-29T19:58:40.507] [DEBUG] user - Executing (default): SHOW INDEX FROM `user_infos`
[2022-03-29T19:58:45.614] [DEBUG] user - Executing (default): SELECT 1+1 AS result
[2022-03-29T19:58:45.614] [DEBUG] user - Executing (default): CREATE TABLE IF NOT EXISTS `user_infos` (`id` INTEGER auto_increment , `nickname` VARCHAR(255) NOT NULL, `password` VARCHAR(255) NOT NULL, `status` TINYINT(1) DEFAULT false, `address` VARCHAR(255), `tel` VARCHAR(255), `createdAt` DATETIME NOT NULL, `updatedAt` DATETIME NOT NULL, PRIMARY KEY (`id`)) ENGINE=InnoDB;
[2022-03-29T19:58:45.619] [DEBUG] user - Executing (default): SHOW INDEX FROM `user_infos`
[2022-03-29T19:58:50.127] [DEBUG] user - Executing (default): SELECT 1+1 AS result
[2022-03-29T19:58:50.128] [DEBUG] user - Executing (default): CREATE TABLE IF NOT EXISTS `user_infos` (`id` INTEGER auto_increment , `nickname` VARCHAR(255) NOT NULL, `password` VARCHAR(255) NOT NULL, `status` TINYINT(1) DEFAULT false, `address` VARCHAR(255), `tel` VARCHAR(255), `createdAt` DATETIME NOT NULL, `updatedAt` DATETIME NOT NULL, PRIMARY KEY (`id`)) ENGINE=InnoDB;
[2022-03-29T19:58:50.132] [DEBUG] user - Executing (default): SHOW INDEX FROM `user_infos`
[2022-03-29T19:58:50.638] [DEBUG] user - Executing (default): SELECT 1+1 AS result
[2022-03-29T19:58:50.639] [DEBUG] user - Executing (default): CREATE TABLE IF NOT EXISTS `user_infos` (`id` INTEGER auto_increment , `nickname` VARCHAR(255) NOT NULL, `password` VARCHAR(255) NOT NULL, `status` TINYINT(1) DEFAULT false, `address` VARCHAR(255), `tel` VARCHAR(255), `createdAt` DATETIME NOT NULL, `updatedAt` DATETIME NOT NULL, PRIMARY KEY (`id`)) ENGINE=InnoDB;
[2022-03-29T19:58:50.642] [DEBUG] user - Executing (default): SHOW INDEX FROM `user_infos`
[2022-03-29T19:59:06.010] [DEBUG] user - Executing (default): SELECT 1+1 AS result
[2022-03-29T19:59:06.011] [DEBUG] user - Executing (default): CREATE TABLE IF NOT EXISTS `user_infos` (`id` INTEGER auto_increment , `nickname` VARCHAR(255) NOT NULL, `password` VARCHAR(255) NOT NULL, `status` TINYINT(1) DEFAULT false, `address` VARCHAR(255), `tel` VARCHAR(255), `createdAt` DATETIME NOT NULL, `updatedAt` DATETIME NOT NULL, PRIMARY KEY (`id`)) ENGINE=InnoDB;
[2022-03-29T19:59:06.014] [DEBUG] user - Executing (default): SHOW INDEX FROM `user_infos`
[2022-03-29T19:59:08.689] [DEBUG] user - Executing (default): SELECT 1+1 AS result
[2022-03-29T19:59:08.689] [DEBUG] user - Executing (default): CREATE TABLE IF NOT EXISTS `user_infos` (`id` INTEGER auto_increment , `nickname` VARCHAR(255) NOT NULL, `password` VARCHAR(255) NOT NULL, `status` TINYINT(1) DEFAULT false, `address` VARCHAR(255), `tel` VARCHAR(255), `createdAt` DATETIME NOT NULL, `updatedAt` DATETIME NOT NULL, PRIMARY KEY (`id`)) ENGINE=InnoDB;
[2022-03-29T19:59:08.696] [DEBUG] user - Executing (default): SHOW INDEX FROM `user_infos`
[2022-03-29T20:03:38.002] [DEBUG] user - Executing (default): SELECT 1+1 AS result
[2022-03-29T20:03:38.002] [DEBUG] user - Executing (default): CREATE TABLE IF NOT EXISTS `user_infos` (`id` INTEGER auto_increment , `nickname` VARCHAR(255) NOT NULL, `password` VARCHAR(255) NOT NULL, `status` TINYINT(1) DEFAULT false, `address` VARCHAR(255), `tel` VARCHAR(255), `createdAt` DATETIME NOT NULL, `updatedAt` DATETIME NOT NULL, PRIMARY KEY (`id`)) ENGINE=InnoDB;
[2022-03-29T20:03:38.026] [DEBUG] user - Executing (default): SHOW INDEX FROM `user_infos`
[2022-03-29T20:05:26.391] [DEBUG] user - Executing (default): SELECT 1+1 AS result
[2022-03-29T20:05:26.391] [DEBUG] user - Executing (default): CREATE TABLE IF NOT EXISTS `user_infos` (`id` INTEGER auto_increment , `nickname` VARCHAR(255) NOT NULL, `password` VARCHAR(255) NOT NULL, `status` TINYINT(1) DEFAULT false, `address` VARCHAR(255), `tel` VARCHAR(255), `createdAt` DATETIME NOT NULL, `updatedAt` DATETIME NOT NULL, PRIMARY KEY (`id`)) ENGINE=InnoDB;
[2022-03-29T20:05:26.395] [DEBUG] user - Executing (default): SHOW INDEX FROM `user_infos`
[2022-03-29T20:05:35.116] [DEBUG] user - Executing (default): SELECT 1+1 AS result
[2022-03-29T20:05:35.117] [DEBUG] user - Executing (default): CREATE TABLE IF NOT EXISTS `user_infos` (`id` INTEGER auto_increment , `nickname` VARCHAR(255) NOT NULL, `password` VARCHAR(255) NOT NULL, `status` TINYINT(1) DEFAULT false, `address` VARCHAR(255), `tel` VARCHAR(255), `createdAt` DATETIME NOT NULL, `updatedAt` DATETIME NOT NULL, PRIMARY KEY (`id`)) ENGINE=InnoDB;
[2022-03-29T20:05:35.120] [DEBUG] user - Executing (default): SHOW INDEX FROM `user_infos`
[2022-03-29T20:05:39.384] [DEBUG] user - Executing (default): SELECT 1+1 AS result
[2022-03-29T20:05:39.385] [DEBUG] user - Executing (default): CREATE TABLE IF NOT EXISTS `user_infos` (`id` INTEGER auto_increment , `nickname` VARCHAR(255) NOT NULL, `password` VARCHAR(255) NOT NULL, `status` TINYINT(1) DEFAULT false, `address` VARCHAR(255), `tel` VARCHAR(255), `createdAt` DATETIME NOT NULL, `updatedAt` DATETIME NOT NULL, PRIMARY KEY (`id`)) ENGINE=InnoDB;
[2022-03-29T20:05:39.389] [DEBUG] user - Executing (default): SHOW INDEX FROM `user_infos`
[2022-03-29T20:05:42.072] [DEBUG] user - Executing (default): SELECT 1+1 AS result
[2022-03-29T20:05:42.072] [DEBUG] user - Executing (default): CREATE TABLE IF NOT EXISTS `user_infos` (`id` INTEGER auto_increment , `nickname` VARCHAR(255) NOT NULL, `password` VARCHAR(255) NOT NULL, `status` TINYINT(1) DEFAULT false, `address` VARCHAR(255), `tel` VARCHAR(255), `createdAt` DATETIME NOT NULL, `updatedAt` DATETIME NOT NULL, PRIMARY KEY (`id`)) ENGINE=InnoDB;
[2022-03-29T20:05:42.075] [DEBUG] user - Executing (default): SHOW INDEX FROM `user_infos`
[2022-03-29T20:05:47.635] [DEBUG] user - Executing (default): SELECT 1+1 AS result
[2022-03-29T20:05:47.635] [DEBUG] user - Executing (default): CREATE TABLE IF NOT EXISTS `user_infos` (`id` INTEGER auto_increment , `nickname` VARCHAR(255) NOT NULL, `password` VARCHAR(255) NOT NULL, `status` TINYINT(1) DEFAULT false, `address` VARCHAR(255), `tel` VARCHAR(255), `createdAt` DATETIME NOT NULL, `updatedAt` DATETIME NOT NULL, PRIMARY KEY (`id`)) ENGINE=InnoDB;
[2022-03-29T20:05:47.639] [DEBUG] user - Executing (default): SHOW INDEX FROM `user_infos`
[2022-03-29T20:06:26.588] [DEBUG] user - Executing (default): SELECT 1+1 AS result
[2022-03-29T20:06:26.589] [DEBUG] user - Executing (default): CREATE TABLE IF NOT EXISTS `user_infos` (`id` INTEGER auto_increment , `nickname` VARCHAR(255) NOT NULL, `password` VARCHAR(255) NOT NULL, `status` TINYINT(1) DEFAULT false, `address` VARCHAR(255), `tel` VARCHAR(255), `createdAt` DATETIME NOT NULL, `updatedAt` DATETIME NOT NULL, PRIMARY KEY (`id`)) ENGINE=InnoDB;
[2022-03-29T20:06:26.592] [DEBUG] user - Executing (default): SHOW INDEX FROM `user_infos`
[2022-03-29T20:07:28.687] [DEBUG] user - Executing (default): SELECT 1+1 AS result
[2022-03-29T20:07:28.688] [DEBUG] user - Executing (default): CREATE TABLE IF NOT EXISTS `user_infos` (`id` INTEGER auto_increment , `nickname` VARCHAR(255) NOT NULL, `password` VARCHAR(255) NOT NULL, `status` TINYINT(1) DEFAULT false, `address` VARCHAR(255), `tel` VARCHAR(255), `createdAt` DATETIME NOT NULL, `updatedAt` DATETIME NOT NULL, PRIMARY KEY (`id`)) ENGINE=InnoDB;
[2022-03-29T20:07:28.691] [DEBUG] user - Executing (default): SHOW INDEX FROM `user_infos`
[2022-03-29T20:07:38.601] [DEBUG] user - Executing (default): SELECT 1+1 AS result
[2022-03-29T20:07:38.601] [DEBUG] user - Executing (default): CREATE TABLE IF NOT EXISTS `user_infos` (`id` INTEGER auto_increment , `nickname` VARCHAR(255) NOT NULL, `password` VARCHAR(255) NOT NULL, `status` TINYINT(1) DEFAULT false, `address` VARCHAR(255), `tel` VARCHAR(255), `createdAt` DATETIME NOT NULL, `updatedAt` DATETIME NOT NULL, PRIMARY KEY (`id`)) ENGINE=InnoDB;
[2022-03-29T20:07:38.605] [DEBUG] user - Executing (default): SHOW INDEX FROM `user_infos`
[2022-03-29T20:07:40.328] [DEBUG] user - Executing (default): SELECT 1+1 AS result
[2022-03-29T20:07:40.329] [DEBUG] user - Executing (default): CREATE TABLE IF NOT EXISTS `user_infos` (`id` INTEGER auto_increment , `nickname` VARCHAR(255) NOT NULL, `password` VARCHAR(255) NOT NULL, `status` TINYINT(1) DEFAULT false, `address` VARCHAR(255), `tel` VARCHAR(255), `createdAt` DATETIME NOT NULL, `updatedAt` DATETIME NOT NULL, PRIMARY KEY (`id`)) ENGINE=InnoDB;
[2022-03-29T20:07:40.332] [DEBUG] user - Executing (default): SHOW INDEX FROM `user_infos`
[2022-03-29T20:07:45.202] [DEBUG] user - Executing (default): SELECT 1+1 AS result
[2022-03-29T20:07:45.203] [DEBUG] user - Executing (default): CREATE TABLE IF NOT EXISTS `user_infos` (`id` INTEGER auto_increment , `nickname` VARCHAR(255) NOT NULL, `password` VARCHAR(255) NOT NULL, `status` TINYINT(1) DEFAULT false, `address` VARCHAR(255), `tel` VARCHAR(255), `createdAt` DATETIME NOT NULL, `updatedAt` DATETIME NOT NULL, PRIMARY KEY (`id`)) ENGINE=InnoDB;
[2022-03-29T20:07:45.206] [DEBUG] user - Executing (default): SHOW INDEX FROM `user_infos`
[2022-03-29T20:07:46.571] [DEBUG] user - Executing (default): SELECT 1+1 AS result
[2022-03-29T20:07:46.571] [DEBUG] user - Executing (default): CREATE TABLE IF NOT EXISTS `user_infos` (`id` INTEGER auto_increment , `nickname` VARCHAR(255) NOT NULL, `password` VARCHAR(255) NOT NULL, `status` TINYINT(1) DEFAULT false, `address` VARCHAR(255), `tel` VARCHAR(255), `createdAt` DATETIME NOT NULL, `updatedAt` DATETIME NOT NULL, PRIMARY KEY (`id`)) ENGINE=InnoDB;
[2022-03-29T20:07:46.576] [DEBUG] user - Executing (default): SHOW INDEX FROM `user_infos`
[2022-03-29T20:07:48.694] [DEBUG] user - Executing (default): SELECT 1+1 AS result
[2022-03-29T20:07:48.695] [DEBUG] user - Executing (default): CREATE TABLE IF NOT EXISTS `user_infos` (`id` INTEGER auto_increment , `nickname` VARCHAR(255) NOT NULL, `password` VARCHAR(255) NOT NULL, `status` TINYINT(1) DEFAULT false, `address` VARCHAR(255), `tel` VARCHAR(255), `createdAt` DATETIME NOT NULL, `updatedAt` DATETIME NOT NULL, PRIMARY KEY (`id`)) ENGINE=InnoDB;
[2022-03-29T20:07:48.699] [DEBUG] user - Executing (default): SHOW INDEX FROM `user_infos`
[2022-03-29T20:07:52.445] [DEBUG] user - Executing (default): SELECT 1+1 AS result
[2022-03-29T20:07:52.446] [DEBUG] user - Executing (default): CREATE TABLE IF NOT EXISTS `user_infos` (`id` INTEGER auto_increment , `nickname` VARCHAR(255) NOT NULL, `password` VARCHAR(255) NOT NULL, `status` TINYINT(1) DEFAULT false, `address` VARCHAR(255), `tel` VARCHAR(255), `createdAt` DATETIME NOT NULL, `updatedAt` DATETIME NOT NULL, PRIMARY KEY (`id`)) ENGINE=InnoDB;
[2022-03-29T20:07:52.451] [DEBUG] user - Executing (default): SHOW INDEX FROM `user_infos`
[2022-03-29T20:08:21.595] [DEBUG] user - Executing (default): SELECT 1+1 AS result
[2022-03-29T20:08:21.596] [DEBUG] user - Executing (default): CREATE TABLE IF NOT EXISTS `user_infos` (`id` INTEGER auto_increment , `nickname` VARCHAR(255) NOT NULL, `password` VARCHAR(255) NOT NULL, `status` TINYINT(1) DEFAULT false, `address` VARCHAR(255), `tel` VARCHAR(255), `createdAt` DATETIME NOT NULL, `updatedAt` DATETIME NOT NULL, PRIMARY KEY (`id`)) ENGINE=InnoDB;
[2022-03-29T20:08:21.600] [DEBUG] user - Executing (default): SHOW INDEX FROM `user_infos`
[2022-03-29T20:08:27.114] [DEBUG] user - Executing (default): SELECT 1+1 AS result
[2022-03-29T20:08:27.115] [DEBUG] user - Executing (default): CREATE TABLE IF NOT EXISTS `user_infos` (`id` INTEGER auto_increment , `nickname` VARCHAR(255) NOT NULL, `password` VARCHAR(255) NOT NULL, `status` TINYINT(1) DEFAULT false, `address` VARCHAR(255), `tel` VARCHAR(255), `createdAt` DATETIME NOT NULL, `updatedAt` DATETIME NOT NULL, PRIMARY KEY (`id`)) ENGINE=InnoDB;
[2022-03-29T20:08:27.118] [DEBUG] user - Executing (default): SHOW INDEX FROM `user_infos`
[2022-03-29T20:08:29.346] [DEBUG] user - Executing (default): SELECT 1+1 AS result
[2022-03-29T20:08:29.347] [DEBUG] user - Executing (default): CREATE TABLE IF NOT EXISTS `user_infos` (`id` INTEGER auto_increment , `nickname` VARCHAR(255) NOT NULL, `password` VARCHAR(255) NOT NULL, `status` TINYINT(1) DEFAULT false, `address` VARCHAR(255), `tel` VARCHAR(255), `createdAt` DATETIME NOT NULL, `updatedAt` DATETIME NOT NULL, PRIMARY KEY (`id`)) ENGINE=InnoDB;
[2022-03-29T20:08:29.350] [DEBUG] user - Executing (default): SHOW INDEX FROM `user_infos`
[2022-03-29T20:08:34.266] [DEBUG] user - Executing (default): SELECT 1+1 AS result
[2022-03-29T20:08:34.267] [DEBUG] user - Executing (default): CREATE TABLE IF NOT EXISTS `user_infos` (`id` INTEGER auto_increment , `nickname` VARCHAR(255) NOT NULL, `password` VARCHAR(255) NOT NULL, `status` TINYINT(1) DEFAULT false, `address` VARCHAR(255), `tel` VARCHAR(255), `createdAt` DATETIME NOT NULL, `updatedAt` DATETIME NOT NULL, PRIMARY KEY (`id`)) ENGINE=InnoDB;
[2022-03-29T20:08:34.271] [DEBUG] user - Executing (default): SHOW INDEX FROM `user_infos`
[2022-03-29T20:08:36.112] [DEBUG] user - Executing (default): SELECT 1+1 AS result
[2022-03-29T20:08:36.112] [DEBUG] user - Executing (default): CREATE TABLE IF NOT EXISTS `user_infos` (`id` INTEGER auto_increment , `nickname` VARCHAR(255) NOT NULL, `password` VARCHAR(255) NOT NULL, `status` TINYINT(1) DEFAULT false, `address` VARCHAR(255), `tel` VARCHAR(255), `createdAt` DATETIME NOT NULL, `updatedAt` DATETIME NOT NULL, PRIMARY KEY (`id`)) ENGINE=InnoDB;
[2022-03-29T20:08:36.116] [DEBUG] user - Executing (default): SHOW INDEX FROM `user_infos`
[2022-03-29T20:08:38.874] [DEBUG] user - Executing (default): SELECT 1+1 AS result
[2022-03-29T20:08:38.875] [DEBUG] user - Executing (default): CREATE TABLE IF NOT EXISTS `user_infos` (`id` INTEGER auto_increment , `nickname` VARCHAR(255) NOT NULL, `password` VARCHAR(255) NOT NULL, `status` TINYINT(1) DEFAULT false, `address` VARCHAR(255), `tel` VARCHAR(255), `createdAt` DATETIME NOT NULL, `updatedAt` DATETIME NOT NULL, PRIMARY KEY (`id`)) ENGINE=InnoDB;
[2022-03-29T20:08:38.878] [DEBUG] user - Executing (default): SHOW INDEX FROM `user_infos`
[2022-03-29T20:08:43.599] [DEBUG] user - Executing (default): SELECT 1+1 AS result
[2022-03-29T20:08:43.600] [DEBUG] user - Executing (default): CREATE TABLE IF NOT EXISTS `user_infos` (`id` INTEGER auto_increment , `nickname` VARCHAR(255) NOT NULL, `password` VARCHAR(255) NOT NULL, `status` TINYINT(1) DEFAULT false, `address` VARCHAR(255), `tel` VARCHAR(255), `createdAt` DATETIME NOT NULL, `updatedAt` DATETIME NOT NULL, PRIMARY KEY (`id`)) ENGINE=InnoDB;
[2022-03-29T20:08:43.604] [DEBUG] user - Executing (default): SHOW INDEX FROM `user_infos`
[2022-03-29T20:08:44.891] [DEBUG] user - Executing (default): SELECT 1+1 AS result
[2022-03-29T20:08:44.892] [DEBUG] user - Executing (default): CREATE TABLE IF NOT EXISTS `user_infos` (`id` INTEGER auto_increment , `nickname` VARCHAR(255) NOT NULL, `password` VARCHAR(255) NOT NULL, `status` TINYINT(1) DEFAULT false, `address` VARCHAR(255), `tel` VARCHAR(255), `createdAt` DATETIME NOT NULL, `updatedAt` DATETIME NOT NULL, PRIMARY KEY (`id`)) ENGINE=InnoDB;
[2022-03-29T20:08:44.895] [DEBUG] user - Executing (default): SHOW INDEX FROM `user_infos`
[2022-03-29T20:08:52.785] [DEBUG] user - Executing (default): UPDATE `user_infos` SET `nickname`=?,`password`=?,`address`=?,`id`=?,`updatedAt`=? WHERE `id` = ?; "chou", "12345", "Hangzhou", "1", "2022-03-29 20:08:52", "1"
[2022-03-29T20:09:39.554] [DEBUG] user - Executing (default): SELECT 1+1 AS result
[2022-03-29T20:09:39.554] [DEBUG] user - Executing (default): CREATE TABLE IF NOT EXISTS `user_infos` (`id` INTEGER auto_increment , `nickname` VARCHAR(255) NOT NULL, `password` VARCHAR(255) NOT NULL, `status` TINYINT(1) DEFAULT false, `address` VARCHAR(255), `tel` VARCHAR(255), `createdAt` DATETIME NOT NULL, `updatedAt` DATETIME NOT NULL, PRIMARY KEY (`id`)) ENGINE=InnoDB;
[2022-03-29T20:09:39.558] [DEBUG] user - Executing (default): SHOW INDEX FROM `user_infos`
